
> antigravity-directory@0.1.0 test:coverage
> vitest run --coverage --reporter=json

{"numTotalTestSuites":61,"numPassedTestSuites":61,"numFailedTestSuites":0,"numPendingTestSuites":0,"numTotalTests":99,"numPassedTests":99,"numFailedTests":0,"numPendingTests":0,"numTodoTests":0,"snapshot":{"added":0,"failure":false,"filesAdded":0,"filesRemoved":0,"filesRemovedList":[],"filesUnmatched":0,"filesUpdated":0,"matched":0,"total":0,"unchecked":0,"uncheckedKeysByFile":[],"unmatched":0,"updated":0,"didUpdate":false},"startTime":1771076003516,"success":true,"testResults":[{"assertionResults":[{"ancestorTitles":["POST /api/payments/paypal/capture","Happy Path"],"fullName":"POST /api/payments/paypal/capture Happy Path should successfully capture payment and update status","status":"passed","title":"should successfully capture payment and update status","duration":2253.722667,"failureMessages":[],"meta":{}},{"ancestorTitles":["POST /api/payments/paypal/capture","Happy Path"],"fullName":"POST /api/payments/paypal/capture Happy Path should update the resource to featured = true upon success","status":"passed","title":"should update the resource to featured = true upon success","duration":396.8567499999999,"failureMessages":[],"meta":{}},{"ancestorTitles":["POST /api/payments/paypal/capture","Safety Checks"],"fullName":"POST /api/payments/paypal/capture Safety Checks should return 400 if payment is already SUCCEEDED","status":"passed","title":"should return 400 if payment is already SUCCEEDED","duration":1.616874999999709,"failureMessages":[],"meta":{}},{"ancestorTitles":["POST /api/payments/paypal/capture","Safety Checks"],"fullName":"POST /api/payments/paypal/capture Safety Checks should return 400 for missing orderId","status":"passed","title":"should return 400 for missing orderId","duration":0.9102920000000267,"failureMessages":[],"meta":{}},{"ancestorTitles":["POST /api/payments/paypal/capture","Payment Failures"],"fullName":"POST /api/payments/paypal/capture Payment Failures should handle declined payments gracefully","status":"passed","title":"should handle declined payments gracefully","duration":7.842417000000296,"failureMessages":[],"meta":{}},{"ancestorTitles":["POST /api/payments/paypal/capture","Payment Failures"],"fullName":"POST /api/payments/paypal/capture Payment Failures should handle general PayPal API failures with 500","status":"passed","title":"should handle general PayPal API failures with 500","duration":2.071875000000091,"failureMessages":[],"meta":{}}],"startTime":1771076004194,"endTime":1771076006858.0718,"status":"passed","message":"","name":"/Users/surajsatyarthi/Desktop/Projects/antigravity-directory/tests/api/checkout-paypal-capture.test.ts"},{"assertionResults":[{"ancestorTitles":["POST /api/payments/paypal/create","Happy Path"],"fullName":"POST /api/payments/paypal/create Happy Path should return orderId and approvalURL for valid request","status":"passed","title":"should return orderId and approvalURL for valid request","duration":41.05391700000001,"failureMessages":[],"meta":{}},{"ancestorTitles":["POST /api/payments/paypal/create","Happy Path"],"fullName":"POST /api/payments/paypal/create Happy Path should store order in database with PENDING status","status":"passed","title":"should store order in database with PENDING status","duration":3.101167000000032,"failureMessages":[],"meta":{}},{"ancestorTitles":["POST /api/payments/paypal/create","Amount Validation"],"fullName":"POST /api/payments/paypal/create Amount Validation should return 400 for zero amount","status":"passed","title":"should return 400 for zero amount","duration":0.7520829999999705,"failureMessages":[],"meta":{}},{"ancestorTitles":["POST /api/payments/paypal/create","Amount Validation"],"fullName":"POST /api/payments/paypal/create Amount Validation should return 400 for negative amount","status":"passed","title":"should return 400 for negative amount","duration":0.555208000000107,"failureMessages":[],"meta":{}},{"ancestorTitles":["POST /api/payments/paypal/create","Amount Validation"],"fullName":"POST /api/payments/paypal/create Amount Validation should return 400 for amount exceeding 10000","status":"passed","title":"should return 400 for amount exceeding 10000","duration":0.6931670000000167,"failureMessages":[],"meta":{}},{"ancestorTitles":["POST /api/payments/paypal/create","Required Field Validation"],"fullName":"POST /api/payments/paypal/create Required Field Validation should return 400 when currency is missing","status":"passed","title":"should return 400 when currency is missing","duration":0.3667920000000322,"failureMessages":[],"meta":{}},{"ancestorTitles":["POST /api/payments/paypal/create","Required Field Validation"],"fullName":"POST /api/payments/paypal/create Required Field Validation should return 400 when resourceId is missing","status":"passed","title":"should return 400 when resourceId is missing","duration":2.0838340000000244,"failureMessages":[],"meta":{}},{"ancestorTitles":["POST /api/payments/paypal/create","Required Field Validation"],"fullName":"POST /api/payments/paypal/create Required Field Validation should return 400 when amount is missing","status":"passed","title":"should return 400 when amount is missing","duration":0.5877499999999145,"failureMessages":[],"meta":{}},{"ancestorTitles":["POST /api/payments/paypal/create","Network Failure Handling"],"fullName":"POST /api/payments/paypal/create Network Failure Handling should handle PayPal API failures gracefully with 500 status","status":"passed","title":"should handle PayPal API failures gracefully with 500 status","duration":6.411500000000046,"failureMessages":[],"meta":{}},{"ancestorTitles":["POST /api/payments/paypal/create","Network Failure Handling"],"fullName":"POST /api/payments/paypal/create Network Failure Handling should return user-friendly error message on PayPal failure","status":"passed","title":"should return user-friendly error message on PayPal failure","duration":1.2290420000000495,"failureMessages":[],"meta":{}},{"ancestorTitles":["POST /api/payments/paypal/create","Security - Input Validation"],"fullName":"POST /api/payments/paypal/create Security - Input Validation should reject non-numeric amount values","status":"passed","title":"should reject non-numeric amount values","duration":0.21983299999999417,"failureMessages":[],"meta":{}},{"ancestorTitles":["POST /api/payments/paypal/create","Security - Input Validation"],"fullName":"POST /api/payments/paypal/create Security - Input Validation should reject invalid currency codes","status":"passed","title":"should reject invalid currency codes","duration":0.16608300000007148,"failureMessages":[],"meta":{}}],"startTime":1771076004022,"endTime":1771076004079.229,"status":"passed","message":"","name":"/Users/surajsatyarthi/Desktop/Projects/antigravity-directory/tests/api/checkout-paypal-create.test.ts"},{"assertionResults":[{"ancestorTitles":["POST /api/payments/razorpay/create","Happy Path"],"fullName":"POST /api/payments/razorpay/create Happy Path should return 200 and order details for valid request","status":"passed","title":"should return 200 and order details for valid request","duration":97.67224999999996,"failureMessages":[],"meta":{}},{"ancestorTitles":["POST /api/payments/razorpay/create","Validation Checks"],"fullName":"POST /api/payments/razorpay/create Validation Checks should return 400 for invalid amount","status":"passed","title":"should return 400 for invalid amount","duration":0.20608400000003257,"failureMessages":[],"meta":{}},{"ancestorTitles":["POST /api/payments/razorpay/create","Validation Checks"],"fullName":"POST /api/payments/razorpay/create Validation Checks should return 400 for unsupported currency","status":"passed","title":"should return 400 for unsupported currency","duration":0.13233400000001438,"failureMessages":[],"meta":{}},{"ancestorTitles":["POST /api/payments/razorpay/create","Validation Checks"],"fullName":"POST /api/payments/razorpay/create Validation Checks should return 400 when resourceId is missing","status":"passed","title":"should return 400 when resourceId is missing","duration":0.26987500000007003,"failureMessages":[],"meta":{}},{"ancestorTitles":["POST /api/payments/razorpay/create","Resilience"],"fullName":"POST /api/payments/razorpay/create Resilience should handle Razorpay API errors with 500 status","status":"passed","title":"should handle Razorpay API errors with 500 status","duration":2.853584000000069,"failureMessages":[],"meta":{}}],"startTime":1771076004185,"endTime":1771076004285.8535,"status":"passed","message":"","name":"/Users/surajsatyarthi/Desktop/Projects/antigravity-directory/tests/api/checkout-razorpay-create.test.ts"},{"assertionResults":[{"ancestorTitles":["POST /api/payments/razorpay/webhook","Happy Path"],"fullName":"POST /api/payments/razorpay/webhook Happy Path should verify valid signature and update database","status":"passed","title":"should verify valid signature and update database","duration":6.258584000000042,"failureMessages":[],"meta":{}},{"ancestorTitles":["POST /api/payments/razorpay/webhook","Security Checks"],"fullName":"POST /api/payments/razorpay/webhook Security Checks should reject invalid HMAC signature","status":"passed","title":"should reject invalid HMAC signature","duration":2.316583000000037,"failureMessages":[],"meta":{}},{"ancestorTitles":["POST /api/payments/razorpay/webhook","Security Checks"],"fullName":"POST /api/payments/razorpay/webhook Security Checks should return 400 for missing signature header","status":"passed","title":"should return 400 for missing signature header","duration":0.22329200000001492,"failureMessages":[],"meta":{}},{"ancestorTitles":["POST /api/payments/razorpay/webhook","Replay Prevention"],"fullName":"POST /api/payments/razorpay/webhook Replay Prevention should ignore webhook if payment is already processed","status":"passed","title":"should ignore webhook if payment is already processed","duration":0.32474999999999454,"failureMessages":[],"meta":{}}],"startTime":1771076004304,"endTime":1771076004313.3247,"status":"passed","message":"","name":"/Users/surajsatyarthi/Desktop/Projects/antigravity-directory/tests/api/checkout-razorpay-verify.test.ts"},{"assertionResults":[{"ancestorTitles":["calculateProfileCompletion"],"fullName":"calculateProfileCompletion should return 0 for an empty user object","status":"passed","title":"should return 0 for an empty user object","duration":0.5909169999999904,"failureMessages":[],"meta":{}},{"ancestorTitles":["calculateProfileCompletion"],"fullName":"calculateProfileCompletion should give 10% for name and 10% for username","status":"passed","title":"should give 10% for name and 10% for username","duration":0.08241699999999241,"failureMessages":[],"meta":{}},{"ancestorTitles":["calculateProfileCompletion"],"fullName":"calculateProfileCompletion should give 20% for bio","status":"passed","title":"should give 20% for bio","duration":0.06562500000001137,"failureMessages":[],"meta":{}},{"ancestorTitles":["calculateProfileCompletion"],"fullName":"calculateProfileCompletion should give 100% for a fully completed profile","status":"passed","title":"should give 100% for a fully completed profile","duration":0.06074999999998454,"failureMessages":[],"meta":{}}],"startTime":1771076004533,"endTime":1771076004533.5908,"status":"passed","message":"","name":"/Users/surajsatyarthi/Desktop/Projects/antigravity-directory/tests/unit/profile-utils.test.ts"},{"assertionResults":[{"ancestorTitles":["Database Schema"],"fullName":"Database Schema should have all required profile fields in the users table","status":"passed","title":"should have all required profile fields in the users table","duration":1.0600410000000124,"failureMessages":[],"meta":{}},{"ancestorTitles":["Database Schema"],"fullName":"Database Schema should have the follows table defined","status":"passed","title":"should have the follows table defined","duration":0.11537500000002865,"failureMessages":[],"meta":{}}],"startTime":1771076004673,"endTime":1771076004674.1155,"status":"passed","message":"","name":"/Users/surajsatyarthi/Desktop/Projects/antigravity-directory/tests/unit/schema.test.ts"},{"assertionResults":[{"ancestorTitles":["importMode"],"fullName":"importMode should exit if pending file does not exist","status":"passed","title":"should exit if pending file does not exist","duration":1.738125000000025,"failureMessages":[],"meta":{}},{"ancestorTitles":["importMode"],"fullName":"importMode should exit if no approved resources","status":"passed","title":"should exit if no approved resources","duration":0.1830410000000029,"failureMessages":[],"meta":{}},{"ancestorTitles":["importMode"],"fullName":"importMode should process valid resource in dry-run mode without DB insert","status":"passed","title":"should process valid resource in dry-run mode without DB insert","duration":0.3334169999999972,"failureMessages":[],"meta":{}},{"ancestorTitles":["importMode"],"fullName":"importMode should fail on invalid URL","status":"passed","title":"should fail on invalid URL","duration":0.17370799999997644,"failureMessages":[],"meta":{}},{"ancestorTitles":["importMode"],"fullName":"importMode should fail on missing category","status":"passed","title":"should fail on missing category","duration":0.12179200000002766,"failureMessages":[],"meta":{}}],"startTime":1771076004362,"endTime":1771076004365.1738,"status":"passed","message":"","name":"/Users/surajsatyarthi/Desktop/Projects/antigravity-directory/src/__tests__/scripts/import-mode.test.ts"},{"assertionResults":[{"ancestorTitles":["seed-50-tools","validateTool"],"fullName":"seed-50-tools validateTool should validate a correct tool","status":"passed","title":"should validate a correct tool","duration":0.9091669999999681,"failureMessages":[],"meta":{}},{"ancestorTitles":["seed-50-tools","validateTool"],"fullName":"seed-50-tools validateTool should throw error for missing title","status":"passed","title":"should throw error for missing title","duration":0.46741700000001174,"failureMessages":[],"meta":{}},{"ancestorTitles":["seed-50-tools","validateTool"],"fullName":"seed-50-tools validateTool should throw error for missing url","status":"passed","title":"should throw error for missing url","duration":0.09820799999999963,"failureMessages":[],"meta":{}},{"ancestorTitles":["seed-50-tools","validateTool"],"fullName":"seed-50-tools validateTool should throw error for missing category","status":"passed","title":"should throw error for missing category","duration":0.08650000000000091,"failureMessages":[],"meta":{}},{"ancestorTitles":["seed-50-tools","seedTools"],"fullName":"seed-50-tools seedTools should complete seeding successfully","status":"passed","title":"should complete seeding successfully","duration":1.66945800000002,"failureMessages":[],"meta":{}},{"ancestorTitles":["seed-50-tools","seedTools"],"fullName":"seed-50-tools seedTools should handle missing admin gracefully","status":"passed","title":"should handle missing admin gracefully","duration":0.5483749999999645,"failureMessages":[],"meta":{}}],"startTime":1771076003997,"endTime":1771076004000.6694,"status":"passed","message":"","name":"/Users/surajsatyarthi/Desktop/Projects/antigravity-directory/src/__tests__/scripts/seed-50-tools.test.ts"},{"assertionResults":[{"ancestorTitles":["validateData"],"fullName":"validateData should exit with error if file not found","status":"passed","title":"should exit with error if file not found","duration":5.482040999999981,"failureMessages":[],"meta":{}},{"ancestorTitles":["validateData"],"fullName":"validateData should exit with error if JSON is invalid","status":"passed","title":"should exit with error if JSON is invalid","duration":0.20712499999999068,"failureMessages":[],"meta":{}},{"ancestorTitles":["validateData"],"fullName":"validateData should pass with valid data","status":"passed","title":"should pass with valid data","duration":0.15595799999999826,"failureMessages":[],"meta":{}},{"ancestorTitles":["validateData"],"fullName":"validateData should fail on missing fields","status":"passed","title":"should fail on missing fields","duration":0.16941700000000992,"failureMessages":[],"meta":{}},{"ancestorTitles":["validateData"],"fullName":"validateData should fail on duplicate URLs","status":"passed","title":"should fail on duplicate URLs","duration":0.15783400000003667,"failureMessages":[],"meta":{}},{"ancestorTitles":["validateData"],"fullName":"validateData should fail on invalid URL format","status":"passed","title":"should fail on invalid URL format","duration":0.152417000000014,"failureMessages":[],"meta":{}}],"startTime":1771076004290,"endTime":1771076004296.207,"status":"passed","message":"","name":"/Users/surajsatyarthi/Desktop/Projects/antigravity-directory/src/__tests__/scripts/validate-data.test.ts"},{"assertionResults":[{"ancestorTitles":["weekly-scraper","fetchWithRetry"],"fullName":"weekly-scraper fetchWithRetry should return JSON on success","status":"passed","title":"should return JSON on success","duration":28.503291999999988,"failureMessages":[],"meta":{}},{"ancestorTitles":["weekly-scraper","fetchWithRetry"],"fullName":"weekly-scraper fetchWithRetry should retry on failure","status":"passed","title":"should retry on failure","duration":3.6654170000000477,"failureMessages":[],"meta":{}},{"ancestorTitles":["weekly-scraper","fetchWithRetry"],"fullName":"weekly-scraper fetchWithRetry should handle rate limits (403/429)","status":"passed","title":"should handle rate limits (403/429)","duration":3.155167000000006,"failureMessages":[],"meta":{}},{"ancestorTitles":["weekly-scraper","validateEnvironment"],"fullName":"weekly-scraper validateEnvironment should return true when all checks pass","status":"passed","title":"should return true when all checks pass","duration":0.291499999999985,"failureMessages":[],"meta":{}},{"ancestorTitles":["weekly-scraper","validateEnvironment"],"fullName":"weekly-scraper validateEnvironment should return false if admin is missing","status":"passed","title":"should return false if admin is missing","duration":0.15245800000002419,"failureMessages":[],"meta":{}}],"startTime":1771076004025,"endTime":1771076004061.1523,"status":"passed","message":"","name":"/Users/surajsatyarthi/Desktop/Projects/antigravity-directory/src/__tests__/scripts/weekly-scraper.test.ts"},{"assertionResults":[{"ancestorTitles":["InfiniteResourceGrid Zipper Logic"],"fullName":"InfiniteResourceGrid Zipper Logic injects ads every 8 items","status":"passed","title":"injects ads every 8 items","duration":40.116625,"failureMessages":[],"meta":{}},{"ancestorTitles":["InfiniteResourceGrid Zipper Logic"],"fullName":"InfiniteResourceGrid Zipper Logic displays no ads for short lists","status":"passed","title":"displays no ads for short lists","duration":2.5692920000000186,"failureMessages":[],"meta":{}}],"startTime":1771076004451,"endTime":1771076004493.5693,"status":"passed","message":"","name":"/Users/surajsatyarthi/Desktop/Projects/antigravity-directory/src/components/__tests__/InfiniteResourceGrid.test.tsx"},{"assertionResults":[{"ancestorTitles":["Edward Enrichment Engine - Contact Enrichment","Happy Path - Successful Enrichment"],"fullName":"Edward Enrichment Engine - Contact Enrichment Happy Path - Successful Enrichment enriches contacts for high-signal unverified tools","status":"passed","title":"enriches contacts for high-signal unverified tools","duration":1.7076660000000174,"failureMessages":[],"meta":{}},{"ancestorTitles":["Edward Enrichment Engine - Contact Enrichment","Error Handling - API Failures"],"fullName":"Edward Enrichment Engine - Contact Enrichment Error Handling - API Failures handles Apollo API rate limiting gracefully","status":"passed","title":"handles Apollo API rate limiting gracefully","duration":0.138417000000004,"failureMessages":[],"meta":{}},{"ancestorTitles":["Edward Enrichment Engine - Contact Enrichment","Error Handling - API Failures"],"fullName":"Edward Enrichment Engine - Contact Enrichment Error Handling - API Failures handles network timeouts without crashing","status":"passed","title":"handles network timeouts without crashing","duration":0.09466700000001538,"failureMessages":[],"meta":{}},{"ancestorTitles":["Edward Enrichment Engine - Contact Enrichment","Error Handling - API Failures"],"fullName":"Edward Enrichment Engine - Contact Enrichment Error Handling - API Failures continues processing after individual failures","status":"passed","title":"continues processing after individual failures","duration":0.132000000000005,"failureMessages":[],"meta":{}},{"ancestorTitles":["Edward Enrichment Engine - Contact Enrichment","Edge Cases - Data Validation"],"fullName":"Edward Enrichment Engine - Contact Enrichment Edge Cases - Data Validation skips tools without website URLs","status":"passed","title":"skips tools without website URLs","duration":0.13016700000002857,"failureMessages":[],"meta":{}},{"ancestorTitles":["Edward Enrichment Engine - Contact Enrichment","Edge Cases - Data Validation"],"fullName":"Edward Enrichment Engine - Contact Enrichment Edge Cases - Data Validation handles malformed URLs without crashing","status":"passed","title":"handles malformed URLs without crashing","duration":0.1251659999999788,"failureMessages":[],"meta":{}},{"ancestorTitles":["Edward Enrichment Engine - Contact Enrichment","Edge Cases - Data Validation"],"fullName":"Edward Enrichment Engine - Contact Enrichment Edge Cases - Data Validation respects search volume threshold","status":"passed","title":"respects search volume threshold","duration":0.13062499999995225,"failureMessages":[],"meta":{}},{"ancestorTitles":["Edward Enrichment Engine - Contact Enrichment","Security - Authorization"],"fullName":"Edward Enrichment Engine - Contact Enrichment Security - Authorization rejects non-admin users","status":"passed","title":"rejects non-admin users","duration":0.6468749999999659,"failureMessages":[],"meta":{}},{"ancestorTitles":["Edward Enrichment Engine - Contact Enrichment","Security - Authorization"],"fullName":"Edward Enrichment Engine - Contact Enrichment Security - Authorization rejects unauthenticated requests","status":"passed","title":"rejects unauthenticated requests","duration":0.09562499999998408,"failureMessages":[],"meta":{}},{"ancestorTitles":["Edward Enrichment Engine - Contact Enrichment","Performance - Benchmarking"],"fullName":"Edward Enrichment Engine - Contact Enrichment Performance - Benchmarking processes 50 tools in under 10 seconds","status":"passed","title":"processes 50 tools in under 10 seconds","duration":1.001374999999996,"failureMessages":[],"meta":{}}],"startTime":1771076004574,"endTime":1771076004579.0015,"status":"passed","message":"","name":"/Users/surajsatyarthi/Desktop/Projects/antigravity-directory/tests/unit/lib/enrich-contacts.test.ts"},{"assertionResults":[{"ancestorTitles":["Payment System - PayPal Integration","Order Creation"],"fullName":"Payment System - PayPal Integration Order Creation creates PayPal order with correct amount and currency","status":"passed","title":"creates PayPal order with correct amount and currency","duration":3.277750000000026,"failureMessages":[],"meta":{}},{"ancestorTitles":["Payment System - PayPal Integration","Order Creation"],"fullName":"Payment System - PayPal Integration Order Creation handles network failures gracefully","status":"passed","title":"handles network failures gracefully","duration":2.234375,"failureMessages":[],"meta":{}},{"ancestorTitles":["Payment System - PayPal Integration","Order Creation"],"fullName":"Payment System - PayPal Integration Order Creation validates amount is positive","status":"passed","title":"validates amount is positive","duration":0.36675000000002456,"failureMessages":[],"meta":{}},{"ancestorTitles":["Payment System - PayPal Integration","Order Creation"],"fullName":"Payment System - PayPal Integration Order Creation rejects zero-amount orders","status":"passed","title":"rejects zero-amount orders","duration":0.2895419999999831,"failureMessages":[],"meta":{}},{"ancestorTitles":["Payment System - PayPal Integration","Payment Capture"],"fullName":"Payment System - PayPal Integration Payment Capture successfully captures approved payment","status":"passed","title":"successfully captures approved payment","duration":0.7754580000000146,"failureMessages":[],"meta":{}},{"ancestorTitles":["Payment System - PayPal Integration","Payment Capture"],"fullName":"Payment System - PayPal Integration Payment Capture handles declined payments","status":"passed","title":"handles declined payments","duration":0.35745800000000827,"failureMessages":[],"meta":{}},{"ancestorTitles":["Payment System - PayPal Integration","Payment Capture"],"fullName":"Payment System - PayPal Integration Payment Capture prevents double capture attempts","status":"passed","title":"prevents double capture attempts","duration":0.33587499999998727,"failureMessages":[],"meta":{}},{"ancestorTitles":["Payment System - Razorpay Integration","Order Creation"],"fullName":"Payment System - Razorpay Integration Order Creation creates Razorpay order with amount in paise","status":"passed","title":"creates Razorpay order with amount in paise","duration":0.5244579999999814,"failureMessages":[],"meta":{}},{"ancestorTitles":["Payment System - Razorpay Integration","Order Creation"],"fullName":"Payment System - Razorpay Integration Order Creation handles invalid API credentials","status":"passed","title":"handles invalid API credentials","duration":0.3794170000000463,"failureMessages":[],"meta":{}},{"ancestorTitles":["Payment System - Razorpay Integration","Payment Verification"],"fullName":"Payment System - Razorpay Integration Payment Verification verifies payment signature correctly","status":"passed","title":"verifies payment signature correctly","duration":1.1340830000000324,"failureMessages":[],"meta":{}},{"ancestorTitles":["Payment System - Razorpay Integration","Payment Verification"],"fullName":"Payment System - Razorpay Integration Payment Verification rejects invalid signatures","status":"passed","title":"rejects invalid signatures","duration":0.17933300000004238,"failureMessages":[],"meta":{}},{"ancestorTitles":["Payment System - Razorpay Integration","Payment Verification"],"fullName":"Payment System - Razorpay Integration Payment Verification prevents replay attacks","status":"passed","title":"prevents replay attacks","duration":0.2143750000000182,"failureMessages":[],"meta":{}},{"ancestorTitles":["Payment System - Geo-Aware Selection"],"fullName":"Payment System - Geo-Aware Selection selects PayPal for US users","status":"passed","title":"selects PayPal for US users","duration":0.11574999999999136,"failureMessages":[],"meta":{}},{"ancestorTitles":["Payment System - Geo-Aware Selection"],"fullName":"Payment System - Geo-Aware Selection selects Razorpay for Indian users","status":"passed","title":"selects Razorpay for Indian users","duration":0.13700000000000045,"failureMessages":[],"meta":{}},{"ancestorTitles":["Payment System - Geo-Aware Selection"],"fullName":"Payment System - Geo-Aware Selection defaults to PayPal for unknown countries","status":"passed","title":"defaults to PayPal for unknown countries","duration":0.07095899999995936,"failureMessages":[],"meta":{}},{"ancestorTitles":["Payment System - Database Updates"],"fullName":"Payment System - Database Updates marks resource as verified after successful payment","status":"passed","title":"marks resource as verified after successful payment","duration":0.028833000000020093,"failureMessages":[],"meta":{}},{"ancestorTitles":["Payment System - Database Updates"],"fullName":"Payment System - Database Updates records payment metadata for analytics","status":"passed","title":"records payment metadata for analytics","duration":0.05691600000000108,"failureMessages":[],"meta":{}}],"startTime":1771076004018,"endTime":1771076004030.057,"status":"passed","message":"","name":"/Users/surajsatyarthi/Desktop/Projects/antigravity-directory/tests/unit/lib/payment.test.ts"},{"assertionResults":[{"ancestorTitles":["safeJsonLd"],"fullName":"safeJsonLd should sanitize basic objects","status":"passed","title":"should sanitize basic objects","duration":0.5865830000000187,"failureMessages":[],"meta":{}},{"ancestorTitles":["safeJsonLd"],"fullName":"safeJsonLd should escape < and > characters to prevent XSS","status":"passed","title":"should escape < and > characters to prevent XSS","duration":0.19820800000002237,"failureMessages":[],"meta":{}},{"ancestorTitles":["safeJsonLd"],"fullName":"safeJsonLd should handle null objects","status":"passed","title":"should handle null objects","duration":0.057292000000018106,"failureMessages":[],"meta":{}},{"ancestorTitles":["safeJsonLd"],"fullName":"safeJsonLd should handle undefined objects","status":"passed","title":"should handle undefined objects","duration":0.0418329999999969,"failureMessages":[],"meta":{}},{"ancestorTitles":["safeJsonLd"],"fullName":"safeJsonLd should sanitize nested objects","status":"passed","title":"should sanitize nested objects","duration":0.0731670000000122,"failureMessages":[],"meta":{}},{"ancestorTitles":["safeJsonLd"],"fullName":"safeJsonLd should sanitize arrays","status":"passed","title":"should sanitize arrays","duration":0.052416999999991276,"failureMessages":[],"meta":{}},{"ancestorTitles":["safeJsonLd"],"fullName":"safeJsonLd should preserve valid JSON structure","status":"passed","title":"should preserve valid JSON structure","duration":0.4367080000000101,"failureMessages":[],"meta":{}},{"ancestorTitles":["safeJsonLdString"],"fullName":"safeJsonLdString should escape < and > in strings","status":"passed","title":"should escape < and > in strings","duration":0.0997499999999718,"failureMessages":[],"meta":{}},{"ancestorTitles":["safeJsonLdString"],"fullName":"safeJsonLdString should handle empty strings","status":"passed","title":"should handle empty strings","duration":0.053458000000034644,"failureMessages":[],"meta":{}},{"ancestorTitles":["safeJsonLdString"],"fullName":"safeJsonLdString should handle null","status":"passed","title":"should handle null","duration":0.038457999999991443,"failureMessages":[],"meta":{}},{"ancestorTitles":["safeJsonLdString"],"fullName":"safeJsonLdString should preserve safe strings","status":"passed","title":"should preserve safe strings","duration":0.03566599999999198,"failureMessages":[],"meta":{}}],"startTime":1771076004384,"endTime":1771076004386.0356,"status":"passed","message":"","name":"/Users/surajsatyarthi/Desktop/Projects/antigravity-directory/tests/unit/lib/safeJsonLd.test.ts"},{"assertionResults":[{"ancestorTitles":["ToolsShell Component"],"fullName":"ToolsShell Component renders children correctly","status":"passed","title":"renders children correctly","duration":34.33254199999999,"failureMessages":[],"meta":{}},{"ancestorTitles":["ToolsShell Component"],"fullName":"ToolsShell Component renders sidebar by default on desktop","status":"passed","title":"renders sidebar by default on desktop","duration":11.188209000000029,"failureMessages":[],"meta":{}},{"ancestorTitles":["ToolsShell Component"],"fullName":"ToolsShell Component toggles sidebar when toggle button is clicked","status":"passed","title":"toggles sidebar when toggle button is clicked","duration":9.889332999999965,"failureMessages":[],"meta":{}},{"ancestorTitles":["ToolsShell Component"],"fullName":"ToolsShell Component automatically closes sidebar on mobile","status":"passed","title":"automatically closes sidebar on mobile","duration":12.012749999999983,"failureMessages":[],"meta":{}}],"startTime":1771076004457,"endTime":1771076004524.0127,"status":"passed","message":"","name":"/Users/surajsatyarthi/Desktop/Projects/antigravity-directory/src/components/tools/__tests__/ToolsShell.test.tsx"}],"coverageMap":{"/Users/surajsatyarthi/Desktop/Projects/antigravity-directory/scripts/validate-data.ts":{"path":"/Users/surajsatyarthi/Desktop/Projects/antigravity-directory/scripts/validate-data.ts","statementMap":{"0":{"start":{"line":5,"column":6},"end":{"line":5,"column":null}},"1":{"start":{"line":16,"column":2},"end":{"line":16,"column":null}},"2":{"start":{"line":18,"column":2},"end":{"line":22,"column":null}},"3":{"start":{"line":19,"column":4},"end":{"line":19,"column":null}},"4":{"start":{"line":20,"column":4},"end":{"line":20,"column":null}},"5":{"start":{"line":21,"column":4},"end":{"line":21,"column":null}},"6":{"start":{"line":24,"column":25},"end":{"line":24,"column":null}},"7":{"start":{"line":25,"column":2},"end":{"line":32,"column":null}},"8":{"start":{"line":26,"column":10},"end":{"line":26,"column":null}},"9":{"start":{"line":27,"column":4},"end":{"line":27,"column":null}},"10":{"start":{"line":29,"column":4},"end":{"line":29,"column":null}},"11":{"start":{"line":30,"column":4},"end":{"line":30,"column":null}},"12":{"start":{"line":31,"column":4},"end":{"line":31,"column":null}},"13":{"start":{"line":34,"column":2},"end":{"line":38,"column":null}},"14":{"start":{"line":35,"column":4},"end":{"line":35,"column":null}},"15":{"start":{"line":36,"column":4},"end":{"line":36,"column":null}},"16":{"start":{"line":37,"column":4},"end":{"line":37,"column":null}},"17":{"start":{"line":40,"column":2},"end":{"line":40,"column":null}},"18":{"start":{"line":42,"column":19},"end":{"line":42,"column":null}},"19":{"start":{"line":43,"column":17},"end":{"line":43,"column":null}},"20":{"start":{"line":44,"column":27},"end":{"line":44,"column":null}},"21":{"start":{"line":46,"column":2},"end":{"line":84,"column":null}},"22":{"start":{"line":46,"column":15},"end":{"line":46,"column":18}},"23":{"start":{"line":47,"column":21},"end":{"line":47,"column":null}},"24":{"start":{"line":48,"column":21},"end":{"line":48,"column":null}},"25":{"start":{"line":51,"column":4},"end":{"line":54,"column":null}},"26":{"start":{"line":52,"column":6},"end":{"line":52,"column":null}},"27":{"start":{"line":53,"column":6},"end":{"line":53,"column":null}},"28":{"start":{"line":55,"column":4},"end":{"line":58,"column":null}},"29":{"start":{"line":56,"column":6},"end":{"line":56,"column":null}},"30":{"start":{"line":57,"column":6},"end":{"line":57,"column":null}},"31":{"start":{"line":59,"column":4},"end":{"line":62,"column":null}},"32":{"start":{"line":60,"column":6},"end":{"line":60,"column":null}},"33":{"start":{"line":61,"column":6},"end":{"line":61,"column":null}},"34":{"start":{"line":63,"column":4},"end":{"line":66,"column":null}},"35":{"start":{"line":64,"column":6},"end":{"line":64,"column":null}},"36":{"start":{"line":65,"column":6},"end":{"line":65,"column":null}},"37":{"start":{"line":69,"column":4},"end":{"line":83,"column":null}},"38":{"start":{"line":70,"column":6},"end":{"line":82,"column":null}},"39":{"start":{"line":71,"column":8},"end":{"line":71,"column":null}},"40":{"start":{"line":73,"column":8},"end":{"line":78,"column":null}},"41":{"start":{"line":74,"column":10},"end":{"line":74,"column":null}},"42":{"start":{"line":75,"column":10},"end":{"line":75,"column":null}},"43":{"start":{"line":77,"column":10},"end":{"line":77,"column":null}},"44":{"start":{"line":80,"column":8},"end":{"line":80,"column":null}},"45":{"start":{"line":81,"column":8},"end":{"line":81,"column":null}},"46":{"start":{"line":86,"column":2},"end":{"line":93,"column":null}},"47":{"start":{"line":87,"column":4},"end":{"line":87,"column":null}},"48":{"start":{"line":88,"column":4},"end":{"line":88,"column":null}},"49":{"start":{"line":88,"column":28},"end":{"line":88,"column":56}},"50":{"start":{"line":89,"column":4},"end":{"line":89,"column":null}},"51":{"start":{"line":91,"column":4},"end":{"line":91,"column":null}},"52":{"start":{"line":92,"column":4},"end":{"line":92,"column":null}},"53":{"start":{"line":97,"column":0},"end":{"line":99,"column":null}},"54":{"start":{"line":98,"column":2},"end":{"line":98,"column":null}}},"fnMap":{"0":{"name":"validateData","decl":{"start":{"line":15,"column":16},"end":{"line":15,"column":31}},"loc":{"start":{"line":15,"column":31},"end":{"line":94,"column":null}},"line":15},"1":{"name":"(anonymous_1)","decl":{"start":{"line":88,"column":19},"end":{"line":88,"column":28}},"loc":{"start":{"line":88,"column":28},"end":{"line":88,"column":56}},"line":88}},"branchMap":{"0":{"loc":{"start":{"line":18,"column":2},"end":{"line":22,"column":null}},"type":"if","locations":[{"start":{"line":18,"column":2},"end":{"line":22,"column":null}},{"start":{},"end":{}}],"line":18},"1":{"loc":{"start":{"line":34,"column":2},"end":{"line":38,"column":null}},"type":"if","locations":[{"start":{"line":34,"column":2},"end":{"line":38,"column":null}},{"start":{},"end":{}}],"line":34},"2":{"loc":{"start":{"line":48,"column":40},"end":{"line":48,"column":68}},"type":"binary-expr","locations":[{"start":{"line":48,"column":40},"end":{"line":48,"column":58}},{"start":{"line":48,"column":58},"end":{"line":48,"column":68}}],"line":48},"3":{"loc":{"start":{"line":51,"column":4},"end":{"line":54,"column":null}},"type":"if","locations":[{"start":{"line":51,"column":4},"end":{"line":54,"column":null}},{"start":{},"end":{}}],"line":51},"4":{"loc":{"start":{"line":51,"column":8},"end":{"line":51,"column":57}},"type":"binary-expr","locations":[{"start":{"line":51,"column":8},"end":{"line":51,"column":27}},{"start":{"line":51,"column":27},"end":{"line":51,"column":57}}],"line":51},"5":{"loc":{"start":{"line":55,"column":4},"end":{"line":58,"column":null}},"type":"if","locations":[{"start":{"line":55,"column":4},"end":{"line":58,"column":null}},{"start":{},"end":{}}],"line":55},"6":{"loc":{"start":{"line":55,"column":8},"end":{"line":55,"column":53}},"type":"binary-expr","locations":[{"start":{"line":55,"column":8},"end":{"line":55,"column":25}},{"start":{"line":55,"column":25},"end":{"line":55,"column":53}}],"line":55},"7":{"loc":{"start":{"line":59,"column":4},"end":{"line":62,"column":null}},"type":"if","locations":[{"start":{"line":59,"column":4},"end":{"line":62,"column":null}},{"start":{},"end":{}}],"line":59},"8":{"loc":{"start":{"line":59,"column":8},"end":{"line":59,"column":69}},"type":"binary-expr","locations":[{"start":{"line":59,"column":8},"end":{"line":59,"column":33}},{"start":{"line":59,"column":33},"end":{"line":59,"column":69}}],"line":59},"9":{"loc":{"start":{"line":63,"column":4},"end":{"line":66,"column":null}},"type":"if","locations":[{"start":{"line":63,"column":4},"end":{"line":66,"column":null}},{"start":{},"end":{}}],"line":63},"10":{"loc":{"start":{"line":63,"column":8},"end":{"line":63,"column":63}},"type":"binary-expr","locations":[{"start":{"line":63,"column":8},"end":{"line":63,"column":30}},{"start":{"line":63,"column":30},"end":{"line":63,"column":63}}],"line":63},"11":{"loc":{"start":{"line":69,"column":4},"end":{"line":83,"column":null}},"type":"if","locations":[{"start":{"line":69,"column":4},"end":{"line":83,"column":null}},{"start":{},"end":{}}],"line":69},"12":{"loc":{"start":{"line":73,"column":8},"end":{"line":78,"column":null}},"type":"if","locations":[{"start":{"line":73,"column":8},"end":{"line":78,"column":null}},{"start":{"line":76,"column":15},"end":{"line":78,"column":null}}],"line":73},"13":{"loc":{"start":{"line":86,"column":2},"end":{"line":93,"column":null}},"type":"if","locations":[{"start":{"line":86,"column":2},"end":{"line":93,"column":null}},{"start":{"line":90,"column":9},"end":{"line":93,"column":null}}],"line":86},"14":{"loc":{"start":{"line":97,"column":0},"end":{"line":99,"column":null}},"type":"if","locations":[{"start":{"line":97,"column":0},"end":{"line":99,"column":null}},{"start":{},"end":{}}],"line":97}},"s":{"0":1,"1":6,"2":6,"3":1,"4":1,"5":1,"6":5,"7":5,"8":5,"9":5,"10":1,"11":1,"12":1,"13":4,"14":0,"15":0,"16":0,"17":4,"18":4,"19":4,"20":4,"21":4,"22":4,"23":5,"24":5,"25":5,"26":1,"27":1,"28":5,"29":0,"30":0,"31":5,"32":0,"33":0,"34":5,"35":0,"36":0,"37":5,"38":5,"39":5,"40":5,"41":1,"42":1,"43":3,"44":1,"45":1,"46":4,"47":3,"48":3,"49":3,"50":3,"51":1,"52":1,"53":1,"54":0},"f":{"0":6,"1":3},"b":{"0":[1,5],"1":[0,4],"2":[5,1],"3":[1,4],"4":[5,4],"5":[0,5],"6":[5,5],"7":[0,5],"8":[5,5],"9":[0,5],"10":[5,5],"11":[5,0],"12":[1,3],"13":[3,1],"14":[0,1]},"meta":{"lastBranch":15,"lastFunction":2,"lastStatement":55,"seen":{"s:5:6:5:Infinity":0,"f:15:16:15:31":0,"s:16:2:16:Infinity":1,"b:18:2:22:Infinity:undefined:undefined:undefined:undefined":0,"s:18:2:22:Infinity":2,"s:19:4:19:Infinity":3,"s:20:4:20:Infinity":4,"s:21:4:21:Infinity":5,"s:24:25:24:Infinity":6,"s:25:2:32:Infinity":7,"s:26:10:26:Infinity":8,"s:27:4:27:Infinity":9,"s:29:4:29:Infinity":10,"s:30:4:30:Infinity":11,"s:31:4:31:Infinity":12,"b:34:2:38:Infinity:undefined:undefined:undefined:undefined":1,"s:34:2:38:Infinity":13,"s:35:4:35:Infinity":14,"s:36:4:36:Infinity":15,"s:37:4:37:Infinity":16,"s:40:2:40:Infinity":17,"s:42:19:42:Infinity":18,"s:43:17:43:Infinity":19,"s:44:27:44:Infinity":20,"s:46:2:84:Infinity":21,"s:46:15:46:18":22,"s:47:21:47:Infinity":23,"s:48:21:48:Infinity":24,"b:48:40:48:58:48:58:48:68":2,"b:51:4:54:Infinity:undefined:undefined:undefined:undefined":3,"s:51:4:54:Infinity":25,"b:51:8:51:27:51:27:51:57":4,"s:52:6:52:Infinity":26,"s:53:6:53:Infinity":27,"b:55:4:58:Infinity:undefined:undefined:undefined:undefined":5,"s:55:4:58:Infinity":28,"b:55:8:55:25:55:25:55:53":6,"s:56:6:56:Infinity":29,"s:57:6:57:Infinity":30,"b:59:4:62:Infinity:undefined:undefined:undefined:undefined":7,"s:59:4:62:Infinity":31,"b:59:8:59:33:59:33:59:69":8,"s:60:6:60:Infinity":32,"s:61:6:61:Infinity":33,"b:63:4:66:Infinity:undefined:undefined:undefined:undefined":9,"s:63:4:66:Infinity":34,"b:63:8:63:30:63:30:63:63":10,"s:64:6:64:Infinity":35,"s:65:6:65:Infinity":36,"b:69:4:83:Infinity:undefined:undefined:undefined:undefined":11,"s:69:4:83:Infinity":37,"s:70:6:82:Infinity":38,"s:71:8:71:Infinity":39,"b:73:8:78:Infinity:76:15:78:Infinity":12,"s:73:8:78:Infinity":40,"s:74:10:74:Infinity":41,"s:75:10:75:Infinity":42,"s:77:10:77:Infinity":43,"s:80:8:80:Infinity":44,"s:81:8:81:Infinity":45,"b:86:2:93:Infinity:90:9:93:Infinity":13,"s:86:2:93:Infinity":46,"s:87:4:87:Infinity":47,"s:88:4:88:Infinity":48,"f:88:19:88:28":1,"s:88:28:88:56":49,"s:89:4:89:Infinity":50,"s:91:4:91:Infinity":51,"s:92:4:92:Infinity":52,"b:97:0:99:Infinity:undefined:undefined:undefined:undefined":14,"s:97:0:99:Infinity":53,"s:98:2:98:Infinity":54}}},"/Users/surajsatyarthi/Desktop/Projects/antigravity-directory/src/app/api/checkout/capture-payment/route.ts":{"path":"/Users/surajsatyarthi/Desktop/Projects/antigravity-directory/src/app/api/checkout/capture-payment/route.ts","statementMap":{"0":{"start":{"line":17,"column":2},"end":{"line":17,"column":null}},"1":{"start":{"line":17,"column":23},"end":{"line":17,"column":null}},"2":{"start":{"line":18,"column":2},"end":{"line":18,"column":null}},"3":{"start":{"line":22,"column":2},"end":{"line":146,"column":null}},"4":{"start":{"line":24,"column":28},"end":{"line":24,"column":null}},"5":{"start":{"line":25,"column":4},"end":{"line":30,"column":null}},"6":{"start":{"line":26,"column":6},"end":{"line":29,"column":null}},"7":{"start":{"line":32,"column":44},"end":{"line":32,"column":null}},"8":{"start":{"line":33,"column":24},"end":{"line":33,"column":null}},"9":{"start":{"line":35,"column":4},"end":{"line":40,"column":null}},"10":{"start":{"line":36,"column":6},"end":{"line":39,"column":null}},"11":{"start":{"line":43,"column":28},"end":{"line":45,"column":null}},"12":{"start":{"line":47,"column":4},"end":{"line":52,"column":null}},"13":{"start":{"line":48,"column":6},"end":{"line":51,"column":null}},"14":{"start":{"line":54,"column":4},"end":{"line":59,"column":null}},"15":{"start":{"line":55,"column":6},"end":{"line":58,"column":null}},"16":{"start":{"line":61,"column":4},"end":{"line":138,"column":null}},"17":{"start":{"line":63,"column":26},"end":{"line":63,"column":null}},"18":{"start":{"line":66,"column":6},"end":{"line":71,"column":null}},"19":{"start":{"line":74,"column":6},"end":{"line":80,"column":null}},"20":{"start":{"line":75,"column":8},"end":{"line":79,"column":null}},"21":{"start":{"line":83,"column":6},"end":{"line":107,"column":null}},"22":{"start":{"line":84,"column":28},"end":{"line":86,"column":null}},"23":{"start":{"line":88,"column":25},"end":{"line":90,"column":null}},"24":{"start":{"line":92,"column":8},"end":{"line":103,"column":null}},"25":{"start":{"line":93,"column":23},"end":{"line":93,"column":null}},"26":{"start":{"line":94,"column":10},"end":{"line":102,"column":null}},"27":{"start":{"line":106,"column":8},"end":{"line":106,"column":null}},"28":{"start":{"line":109,"column":6},"end":{"line":112,"column":null}},"29":{"start":{"line":115,"column":6},"end":{"line":115,"column":null}},"30":{"start":{"line":117,"column":25},"end":{"line":117,"column":null}},"31":{"start":{"line":118,"column":29},"end":{"line":119,"column":null}},"32":{"start":{"line":121,"column":6},"end":{"line":134,"column":null}},"33":{"start":{"line":123,"column":8},"end":{"line":128,"column":null}},"34":{"start":{"line":130,"column":8},"end":{"line":133,"column":null}},"35":{"start":{"line":137,"column":6},"end":{"line":137,"column":null}},"36":{"start":{"line":141,"column":4},"end":{"line":141,"column":null}},"37":{"start":{"line":142,"column":4},"end":{"line":145,"column":null}}},"fnMap":{"0":{"name":"getTierFromAmount","decl":{"start":{"line":15,"column":9},"end":{"line":15,"column":27}},"loc":{"start":{"line":15,"column":68},"end":{"line":19,"column":null}},"line":15},"1":{"name":"POST","decl":{"start":{"line":21,"column":22},"end":{"line":21,"column":27}},"loc":{"start":{"line":21,"column":49},"end":{"line":147,"column":null}},"line":21}},"branchMap":{"0":{"loc":{"start":{"line":17,"column":2},"end":{"line":17,"column":null}},"type":"if","locations":[{"start":{"line":17,"column":2},"end":{"line":17,"column":null}},{"start":{},"end":{}}],"line":17},"1":{"loc":{"start":{"line":25,"column":4},"end":{"line":30,"column":null}},"type":"if","locations":[{"start":{"line":25,"column":4},"end":{"line":30,"column":null}},{"start":{},"end":{}}],"line":25},"2":{"loc":{"start":{"line":35,"column":4},"end":{"line":40,"column":null}},"type":"if","locations":[{"start":{"line":35,"column":4},"end":{"line":40,"column":null}},{"start":{},"end":{}}],"line":35},"3":{"loc":{"start":{"line":47,"column":4},"end":{"line":52,"column":null}},"type":"if","locations":[{"start":{"line":47,"column":4},"end":{"line":52,"column":null}},{"start":{},"end":{}}],"line":47},"4":{"loc":{"start":{"line":54,"column":4},"end":{"line":59,"column":null}},"type":"if","locations":[{"start":{"line":54,"column":4},"end":{"line":59,"column":null}},{"start":{},"end":{}}],"line":54},"5":{"loc":{"start":{"line":74,"column":6},"end":{"line":80,"column":null}},"type":"if","locations":[{"start":{"line":74,"column":6},"end":{"line":80,"column":null}},{"start":{},"end":{}}],"line":74},"6":{"loc":{"start":{"line":85,"column":30},"end":{"line":85,"column":58}},"type":"binary-expr","locations":[{"start":{"line":85,"column":30},"end":{"line":85,"column":56}},{"start":{"line":85,"column":56},"end":{"line":85,"column":58}}],"line":85},"7":{"loc":{"start":{"line":89,"column":34},"end":{"line":89,"column":66}},"type":"binary-expr","locations":[{"start":{"line":89,"column":34},"end":{"line":89,"column":64}},{"start":{"line":89,"column":64},"end":{"line":89,"column":66}}],"line":89},"8":{"loc":{"start":{"line":92,"column":8},"end":{"line":103,"column":null}},"type":"if","locations":[{"start":{"line":92,"column":8},"end":{"line":103,"column":null}},{"start":{},"end":{}}],"line":92},"9":{"loc":{"start":{"line":92,"column":12},"end":{"line":92,"column":37}},"type":"binary-expr","locations":[{"start":{"line":92,"column":12},"end":{"line":92,"column":27}},{"start":{"line":92,"column":27},"end":{"line":92,"column":37}}],"line":92},"10":{"loc":{"start":{"line":96,"column":22},"end":{"line":96,"column":null}},"type":"binary-expr","locations":[{"start":{"line":96,"column":22},"end":{"line":96,"column":42}},{"start":{"line":96,"column":42},"end":{"line":96,"column":null}}],"line":96},"11":{"loc":{"start":{"line":118,"column":29},"end":{"line":119,"column":null}},"type":"binary-expr","locations":[{"start":{"line":118,"column":29},"end":{"line":118,"column":null}},{"start":{"line":119,"column":28},"end":{"line":119,"column":null}}],"line":118},"12":{"loc":{"start":{"line":121,"column":6},"end":{"line":134,"column":null}},"type":"if","locations":[{"start":{"line":121,"column":6},"end":{"line":134,"column":null}},{"start":{},"end":{}}],"line":121}},"s":{"0":2,"1":0,"2":2,"3":6,"4":6,"5":6,"6":0,"7":6,"8":6,"9":6,"10":1,"11":5,"12":5,"13":0,"14":5,"15":1,"16":4,"17":4,"18":2,"19":2,"20":2,"21":2,"22":2,"23":2,"24":2,"25":2,"26":2,"27":0,"28":2,"29":2,"30":2,"31":2,"32":2,"33":1,"34":1,"35":1,"36":1,"37":1},"f":{"0":2,"1":6},"b":{"0":[0,2],"1":[0,6],"2":[1,5],"3":[0,5],"4":[1,4],"5":[2,0],"6":[2,0],"7":[2,0],"8":[2,0],"9":[2,2],"10":[2,0],"11":[2,2],"12":[1,1]},"meta":{"lastBranch":13,"lastFunction":2,"lastStatement":38,"seen":{"f:15:9:15:27":0,"b:17:2:17:Infinity:undefined:undefined:undefined:undefined":0,"s:17:2:17:Infinity":0,"s:17:23:17:Infinity":1,"s:18:2:18:Infinity":2,"f:21:22:21:27":1,"s:22:2:146:Infinity":3,"s:24:28:24:Infinity":4,"b:25:4:30:Infinity:undefined:undefined:undefined:undefined":1,"s:25:4:30:Infinity":5,"s:26:6:29:Infinity":6,"s:32:44:32:Infinity":7,"s:33:24:33:Infinity":8,"b:35:4:40:Infinity:undefined:undefined:undefined:undefined":2,"s:35:4:40:Infinity":9,"s:36:6:39:Infinity":10,"s:43:28:45:Infinity":11,"b:47:4:52:Infinity:undefined:undefined:undefined:undefined":3,"s:47:4:52:Infinity":12,"s:48:6:51:Infinity":13,"b:54:4:59:Infinity:undefined:undefined:undefined:undefined":4,"s:54:4:59:Infinity":14,"s:55:6:58:Infinity":15,"s:61:4:138:Infinity":16,"s:63:26:63:Infinity":17,"s:66:6:71:Infinity":18,"b:74:6:80:Infinity:undefined:undefined:undefined:undefined":5,"s:74:6:80:Infinity":19,"s:75:8:79:Infinity":20,"s:83:6:107:Infinity":21,"s:84:28:86:Infinity":22,"b:85:30:85:56:85:56:85:58":6,"s:88:25:90:Infinity":23,"b:89:34:89:64:89:64:89:66":7,"b:92:8:103:Infinity:undefined:undefined:undefined:undefined":8,"s:92:8:103:Infinity":24,"b:92:12:92:27:92:27:92:37":9,"s:93:23:93:Infinity":25,"s:94:10:102:Infinity":26,"b:96:22:96:42:96:42:96:Infinity":10,"s:106:8:106:Infinity":27,"s:109:6:112:Infinity":28,"s:115:6:115:Infinity":29,"s:117:25:117:Infinity":30,"s:118:29:119:Infinity":31,"b:118:29:118:Infinity:119:28:119:Infinity":11,"b:121:6:134:Infinity:undefined:undefined:undefined:undefined":12,"s:121:6:134:Infinity":32,"s:123:8:128:Infinity":33,"s:130:8:133:Infinity":34,"s:137:6:137:Infinity":35,"s:141:4:141:Infinity":36,"s:142:4:145:Infinity":37}}},"/Users/surajsatyarthi/Desktop/Projects/antigravity-directory/src/app/api/checkout/razorpay/create-order/route.ts":{"path":"/Users/surajsatyarthi/Desktop/Projects/antigravity-directory/src/app/api/checkout/razorpay/create-order/route.ts","statementMap":{"0":{"start":{"line":15,"column":29},"end":{"line":15,"column":null}},"1":{"start":{"line":16,"column":19},"end":{"line":16,"column":null}},"2":{"start":{"line":19,"column":2},"end":{"line":99,"column":null}},"3":{"start":{"line":21,"column":28},"end":{"line":21,"column":null}},"4":{"start":{"line":22,"column":4},"end":{"line":27,"column":null}},"5":{"start":{"line":23,"column":6},"end":{"line":26,"column":null}},"6":{"start":{"line":29,"column":45},"end":{"line":29,"column":null}},"7":{"start":{"line":30,"column":45},"end":{"line":30,"column":null}},"8":{"start":{"line":33,"column":4},"end":{"line":38,"column":null}},"9":{"start":{"line":34,"column":6},"end":{"line":37,"column":null}},"10":{"start":{"line":40,"column":4},"end":{"line":45,"column":null}},"11":{"start":{"line":41,"column":6},"end":{"line":44,"column":null}},"12":{"start":{"line":47,"column":4},"end":{"line":52,"column":null}},"13":{"start":{"line":48,"column":6},"end":{"line":51,"column":null}},"14":{"start":{"line":54,"column":4},"end":{"line":91,"column":null}},"15":{"start":{"line":56,"column":23},"end":{"line":63,"column":null}},"16":{"start":{"line":65,"column":22},"end":{"line":65,"column":null}},"17":{"start":{"line":68,"column":6},"end":{"line":77,"column":null}},"18":{"start":{"line":79,"column":6},"end":{"line":83,"column":null}},"19":{"start":{"line":86,"column":6},"end":{"line":86,"column":null}},"20":{"start":{"line":87,"column":6},"end":{"line":90,"column":null}},"21":{"start":{"line":94,"column":4},"end":{"line":94,"column":null}},"22":{"start":{"line":95,"column":4},"end":{"line":98,"column":null}}},"fnMap":{"0":{"name":"POST","decl":{"start":{"line":18,"column":22},"end":{"line":18,"column":27}},"loc":{"start":{"line":18,"column":49},"end":{"line":100,"column":null}},"line":18}},"branchMap":{"0":{"loc":{"start":{"line":22,"column":4},"end":{"line":27,"column":null}},"type":"if","locations":[{"start":{"line":22,"column":4},"end":{"line":27,"column":null}},{"start":{},"end":{}}],"line":22},"1":{"loc":{"start":{"line":33,"column":4},"end":{"line":38,"column":null}},"type":"if","locations":[{"start":{"line":33,"column":4},"end":{"line":38,"column":null}},{"start":{},"end":{}}],"line":33},"2":{"loc":{"start":{"line":33,"column":8},"end":{"line":33,"column":41}},"type":"binary-expr","locations":[{"start":{"line":33,"column":8},"end":{"line":33,"column":19}},{"start":{"line":33,"column":19},"end":{"line":33,"column":41}}],"line":33},"3":{"loc":{"start":{"line":40,"column":4},"end":{"line":45,"column":null}},"type":"if","locations":[{"start":{"line":40,"column":4},"end":{"line":45,"column":null}},{"start":{},"end":{}}],"line":40},"4":{"loc":{"start":{"line":40,"column":8},"end":{"line":40,"column":63}},"type":"binary-expr","locations":[{"start":{"line":40,"column":8},"end":{"line":40,"column":21}},{"start":{"line":40,"column":21},"end":{"line":40,"column":63}}],"line":40},"5":{"loc":{"start":{"line":47,"column":4},"end":{"line":52,"column":null}},"type":"if","locations":[{"start":{"line":47,"column":4},"end":{"line":52,"column":null}},{"start":{},"end":{}}],"line":47},"6":{"loc":{"start":{"line":70,"column":16},"end":{"line":70,"column":null}},"type":"binary-expr","locations":[{"start":{"line":70,"column":16},"end":{"line":70,"column":37}},{"start":{"line":70,"column":37},"end":{"line":70,"column":null}}],"line":70}},"s":{"0":1,"1":1,"2":5,"3":5,"4":5,"5":0,"6":5,"7":5,"8":5,"9":1,"10":4,"11":1,"12":3,"13":1,"14":2,"15":2,"16":1,"17":1,"18":1,"19":1,"20":1,"21":0,"22":0},"f":{"0":5},"b":{"0":[0,5],"1":[1,4],"2":[5,5],"3":[1,3],"4":[4,4],"5":[1,2],"6":[1,1]},"meta":{"lastBranch":7,"lastFunction":1,"lastStatement":23,"seen":{"s:15:29:15:Infinity":0,"s:16:19:16:Infinity":1,"f:18:22:18:27":0,"s:19:2:99:Infinity":2,"s:21:28:21:Infinity":3,"b:22:4:27:Infinity:undefined:undefined:undefined:undefined":0,"s:22:4:27:Infinity":4,"s:23:6:26:Infinity":5,"s:29:45:29:Infinity":6,"s:30:45:30:Infinity":7,"b:33:4:38:Infinity:undefined:undefined:undefined:undefined":1,"s:33:4:38:Infinity":8,"b:33:8:33:19:33:19:33:41":2,"s:34:6:37:Infinity":9,"b:40:4:45:Infinity:undefined:undefined:undefined:undefined":3,"s:40:4:45:Infinity":10,"b:40:8:40:21:40:21:40:63":4,"s:41:6:44:Infinity":11,"b:47:4:52:Infinity:undefined:undefined:undefined:undefined":5,"s:47:4:52:Infinity":12,"s:48:6:51:Infinity":13,"s:54:4:91:Infinity":14,"s:56:23:63:Infinity":15,"s:65:22:65:Infinity":16,"s:68:6:77:Infinity":17,"b:70:16:70:37:70:37:70:Infinity":6,"s:79:6:83:Infinity":18,"s:86:6:86:Infinity":19,"s:87:6:90:Infinity":20,"s:94:4:94:Infinity":21,"s:95:4:98:Infinity":22}}},"/Users/surajsatyarthi/Desktop/Projects/antigravity-directory/src/app/api/checkout/create-order/route.ts":{"path":"/Users/surajsatyarthi/Desktop/Projects/antigravity-directory/src/app/api/checkout/create-order/route.ts","statementMap":{"0":{"start":{"line":15,"column":25},"end":{"line":15,"column":null}},"1":{"start":{"line":16,"column":19},"end":{"line":16,"column":null}},"2":{"start":{"line":17,"column":19},"end":{"line":17,"column":null}},"3":{"start":{"line":20,"column":2},"end":{"line":128,"column":null}},"4":{"start":{"line":22,"column":28},"end":{"line":22,"column":null}},"5":{"start":{"line":23,"column":4},"end":{"line":28,"column":null}},"6":{"start":{"line":24,"column":6},"end":{"line":27,"column":null}},"7":{"start":{"line":31,"column":43},"end":{"line":31,"column":null}},"8":{"start":{"line":32,"column":45},"end":{"line":32,"column":null}},"9":{"start":{"line":35,"column":4},"end":{"line":40,"column":null}},"10":{"start":{"line":36,"column":6},"end":{"line":39,"column":null}},"11":{"start":{"line":42,"column":4},"end":{"line":47,"column":null}},"12":{"start":{"line":43,"column":6},"end":{"line":46,"column":null}},"13":{"start":{"line":49,"column":4},"end":{"line":54,"column":null}},"14":{"start":{"line":50,"column":6},"end":{"line":53,"column":null}},"15":{"start":{"line":57,"column":4},"end":{"line":62,"column":null}},"16":{"start":{"line":58,"column":6},"end":{"line":61,"column":null}},"17":{"start":{"line":65,"column":4},"end":{"line":70,"column":null}},"18":{"start":{"line":66,"column":6},"end":{"line":69,"column":null}},"19":{"start":{"line":72,"column":4},"end":{"line":77,"column":null}},"20":{"start":{"line":73,"column":6},"end":{"line":76,"column":null}},"21":{"start":{"line":80,"column":4},"end":{"line":85,"column":null}},"22":{"start":{"line":81,"column":6},"end":{"line":84,"column":null}},"23":{"start":{"line":88,"column":24},"end":{"line":92,"column":null}},"24":{"start":{"line":95,"column":25},"end":{"line":95,"column":null}},"25":{"start":{"line":95,"column":56},"end":{"line":95,"column":78}},"26":{"start":{"line":96,"column":4},"end":{"line":98,"column":null}},"27":{"start":{"line":97,"column":6},"end":{"line":97,"column":null}},"28":{"start":{"line":100,"column":20},"end":{"line":100,"column":null}},"29":{"start":{"line":103,"column":4},"end":{"line":112,"column":null}},"30":{"start":{"line":115,"column":4},"end":{"line":118,"column":null}},"31":{"start":{"line":121,"column":4},"end":{"line":121,"column":null}},"32":{"start":{"line":124,"column":4},"end":{"line":127,"column":null}}},"fnMap":{"0":{"name":"POST","decl":{"start":{"line":19,"column":22},"end":{"line":19,"column":27}},"loc":{"start":{"line":19,"column":49},"end":{"line":129,"column":null}},"line":19},"1":{"name":"(anonymous_1)","decl":{"start":{"line":95,"column":48},"end":{"line":95,"column":56}},"loc":{"start":{"line":95,"column":56},"end":{"line":95,"column":78}},"line":95}},"branchMap":{"0":{"loc":{"start":{"line":23,"column":4},"end":{"line":28,"column":null}},"type":"if","locations":[{"start":{"line":23,"column":4},"end":{"line":28,"column":null}},{"start":{},"end":{}}],"line":23},"1":{"loc":{"start":{"line":35,"column":4},"end":{"line":40,"column":null}},"type":"if","locations":[{"start":{"line":35,"column":4},"end":{"line":40,"column":null}},{"start":{},"end":{}}],"line":35},"2":{"loc":{"start":{"line":35,"column":8},"end":{"line":35,"column":49}},"type":"binary-expr","locations":[{"start":{"line":35,"column":8},"end":{"line":35,"column":32}},{"start":{"line":35,"column":32},"end":{"line":35,"column":49}}],"line":35},"3":{"loc":{"start":{"line":42,"column":4},"end":{"line":47,"column":null}},"type":"if","locations":[{"start":{"line":42,"column":4},"end":{"line":47,"column":null}},{"start":{},"end":{}}],"line":42},"4":{"loc":{"start":{"line":49,"column":4},"end":{"line":54,"column":null}},"type":"if","locations":[{"start":{"line":49,"column":4},"end":{"line":54,"column":null}},{"start":{},"end":{}}],"line":49},"5":{"loc":{"start":{"line":57,"column":4},"end":{"line":62,"column":null}},"type":"if","locations":[{"start":{"line":57,"column":4},"end":{"line":62,"column":null}},{"start":{},"end":{}}],"line":57},"6":{"loc":{"start":{"line":57,"column":8},"end":{"line":57,"column":53}},"type":"binary-expr","locations":[{"start":{"line":57,"column":8},"end":{"line":57,"column":38}},{"start":{"line":57,"column":38},"end":{"line":57,"column":53}}],"line":57},"7":{"loc":{"start":{"line":65,"column":4},"end":{"line":70,"column":null}},"type":"if","locations":[{"start":{"line":65,"column":4},"end":{"line":70,"column":null}},{"start":{},"end":{}}],"line":65},"8":{"loc":{"start":{"line":72,"column":4},"end":{"line":77,"column":null}},"type":"if","locations":[{"start":{"line":72,"column":4},"end":{"line":77,"column":null}},{"start":{},"end":{}}],"line":72},"9":{"loc":{"start":{"line":80,"column":4},"end":{"line":85,"column":null}},"type":"if","locations":[{"start":{"line":80,"column":4},"end":{"line":85,"column":null}},{"start":{},"end":{}}],"line":80},"10":{"loc":{"start":{"line":96,"column":4},"end":{"line":98,"column":null}},"type":"if","locations":[{"start":{"line":96,"column":4},"end":{"line":98,"column":null}},{"start":{},"end":{}}],"line":96},"11":{"loc":{"start":{"line":105,"column":14},"end":{"line":105,"column":null}},"type":"binary-expr","locations":[{"start":{"line":105,"column":14},"end":{"line":105,"column":35}},{"start":{"line":105,"column":35},"end":{"line":105,"column":null}}],"line":105}},"s":{"0":1,"1":1,"2":1,"3":12,"4":12,"5":12,"6":0,"7":12,"8":12,"9":12,"10":1,"11":11,"12":1,"13":10,"14":1,"15":9,"16":1,"17":8,"18":2,"19":6,"20":1,"21":5,"22":1,"23":4,"24":2,"25":3,"26":2,"27":0,"28":2,"29":2,"30":2,"31":2,"32":2},"f":{"0":12,"1":3},"b":{"0":[0,12],"1":[1,11],"2":[12,11],"3":[1,10],"4":[1,9],"5":[1,8],"6":[9,8],"7":[2,6],"8":[1,5],"9":[1,4],"10":[0,2],"11":[2,2]},"meta":{"lastBranch":12,"lastFunction":2,"lastStatement":33,"seen":{"s:15:25:15:Infinity":0,"s:16:19:16:Infinity":1,"s:17:19:17:Infinity":2,"f:19:22:19:27":0,"s:20:2:128:Infinity":3,"s:22:28:22:Infinity":4,"b:23:4:28:Infinity:undefined:undefined:undefined:undefined":0,"s:23:4:28:Infinity":5,"s:24:6:27:Infinity":6,"s:31:43:31:Infinity":7,"s:32:45:32:Infinity":8,"b:35:4:40:Infinity:undefined:undefined:undefined:undefined":1,"s:35:4:40:Infinity":9,"b:35:8:35:32:35:32:35:49":2,"s:36:6:39:Infinity":10,"b:42:4:47:Infinity:undefined:undefined:undefined:undefined":3,"s:42:4:47:Infinity":11,"s:43:6:46:Infinity":12,"b:49:4:54:Infinity:undefined:undefined:undefined:undefined":4,"s:49:4:54:Infinity":13,"s:50:6:53:Infinity":14,"b:57:4:62:Infinity:undefined:undefined:undefined:undefined":5,"s:57:4:62:Infinity":15,"b:57:8:57:38:57:38:57:53":6,"s:58:6:61:Infinity":16,"b:65:4:70:Infinity:undefined:undefined:undefined:undefined":7,"s:65:4:70:Infinity":17,"s:66:6:69:Infinity":18,"b:72:4:77:Infinity:undefined:undefined:undefined:undefined":8,"s:72:4:77:Infinity":19,"s:73:6:76:Infinity":20,"b:80:4:85:Infinity:undefined:undefined:undefined:undefined":9,"s:80:4:85:Infinity":21,"s:81:6:84:Infinity":22,"s:88:24:92:Infinity":23,"s:95:25:95:Infinity":24,"f:95:48:95:56":1,"s:95:56:95:78":25,"b:96:4:98:Infinity:undefined:undefined:undefined:undefined":10,"s:96:4:98:Infinity":26,"s:97:6:97:Infinity":27,"s:100:20:100:Infinity":28,"s:103:4:112:Infinity":29,"b:105:14:105:35:105:35:105:Infinity":11,"s:115:4:118:Infinity":30,"s:121:4:121:Infinity":31,"s:124:4:127:Infinity":32}}},"/Users/surajsatyarthi/Desktop/Projects/antigravity-directory/scripts/seed-50-tools.ts":{"path":"/Users/surajsatyarthi/Desktop/Projects/antigravity-directory/scripts/seed-50-tools.ts","statementMap":{"0":{"start":{"line":7,"column":21},"end":{"line":58,"column":null}},"1":{"start":{"line":61,"column":2},"end":{"line":61,"column":null}},"2":{"start":{"line":61,"column":19},"end":{"line":61,"column":null}},"3":{"start":{"line":62,"column":2},"end":{"line":62,"column":null}},"4":{"start":{"line":62,"column":17},"end":{"line":62,"column":null}},"5":{"start":{"line":63,"column":2},"end":{"line":63,"column":null}},"6":{"start":{"line":63,"column":22},"end":{"line":63,"column":null}},"7":{"start":{"line":64,"column":2},"end":{"line":64,"column":null}},"8":{"start":{"line":68,"column":19},"end":{"line":68,"column":null}},"9":{"start":{"line":71,"column":2},"end":{"line":74,"column":null}},"10":{"start":{"line":72,"column":4},"end":{"line":72,"column":null}},"11":{"start":{"line":73,"column":4},"end":{"line":73,"column":null}},"12":{"start":{"line":76,"column":2},"end":{"line":76,"column":null}},"13":{"start":{"line":78,"column":2},"end":{"line":103,"column":null}},"14":{"start":{"line":80,"column":4},"end":{"line":80,"column":null}},"15":{"start":{"line":81,"column":4},"end":{"line":81,"column":null}},"16":{"start":{"line":84,"column":20},"end":{"line":84,"column":null}},"17":{"start":{"line":85,"column":4},"end":{"line":88,"column":null}},"18":{"start":{"line":86,"column":6},"end":{"line":86,"column":null}},"19":{"start":{"line":87,"column":6},"end":{"line":87,"column":null}},"20":{"start":{"line":89,"column":4},"end":{"line":89,"column":null}},"21":{"start":{"line":92,"column":23},"end":{"line":92,"column":null}},"22":{"start":{"line":93,"column":4},"end":{"line":96,"column":null}},"23":{"start":{"line":94,"column":6},"end":{"line":94,"column":null}},"24":{"start":{"line":95,"column":6},"end":{"line":95,"column":null}},"25":{"start":{"line":97,"column":4},"end":{"line":97,"column":null}},"26":{"start":{"line":99,"column":4},"end":{"line":99,"column":null}},"27":{"start":{"line":101,"column":4},"end":{"line":101,"column":null}},"28":{"start":{"line":102,"column":4},"end":{"line":102,"column":null}},"29":{"start":{"line":107,"column":14},"end":{"line":109,"column":null}},"30":{"start":{"line":111,"column":2},"end":{"line":174,"column":null}},"31":{"start":{"line":112,"column":4},"end":{"line":117,"column":null}},"32":{"start":{"line":113,"column":33},"end":{"line":113,"column":null}},"33":{"start":{"line":114,"column":8},"end":{"line":116,"column":null}},"34":{"start":{"line":115,"column":12},"end":{"line":115,"column":null}},"35":{"start":{"line":119,"column":23},"end":{"line":119,"column":null}},"36":{"start":{"line":120,"column":24},"end":{"line":120,"column":null}},"37":{"start":{"line":120,"column":59},"end":{"line":120,"column":73}},"38":{"start":{"line":122,"column":20},"end":{"line":122,"column":null}},"39":{"start":{"line":123,"column":20},"end":{"line":123,"column":null}},"40":{"start":{"line":125,"column":4},"end":{"line":127,"column":null}},"41":{"start":{"line":126,"column":6},"end":{"line":126,"column":null}},"42":{"start":{"line":129,"column":4},"end":{"line":129,"column":null}},"43":{"start":{"line":131,"column":22},"end":{"line":131,"column":null}},"44":{"start":{"line":132,"column":4},"end":{"line":164,"column":null}},"45":{"start":{"line":133,"column":6},"end":{"line":163,"column":null}},"46":{"start":{"line":134,"column":8},"end":{"line":134,"column":null}},"47":{"start":{"line":136,"column":27},"end":{"line":136,"column":null}},"48":{"start":{"line":137,"column":8},"end":{"line":140,"column":null}},"49":{"start":{"line":138,"column":10},"end":{"line":138,"column":null}},"50":{"start":{"line":139,"column":10},"end":{"line":139,"column":null}},"51":{"start":{"line":142,"column":21},"end":{"line":142,"column":null}},"52":{"start":{"line":145,"column":27},"end":{"line":145,"column":null}},"53":{"start":{"line":146,"column":8},"end":{"line":149,"column":null}},"54":{"start":{"line":147,"column":10},"end":{"line":147,"column":null}},"55":{"start":{"line":148,"column":10},"end":{"line":148,"column":null}},"56":{"start":{"line":151,"column":8},"end":{"line":157,"column":null}},"57":{"start":{"line":161,"column":8},"end":{"line":161,"column":null}},"58":{"start":{"line":162,"column":8},"end":{"line":162,"column":null}},"59":{"start":{"line":166,"column":4},"end":{"line":166,"column":null}},"60":{"start":{"line":167,"column":4},"end":{"line":167,"column":null}},"61":{"start":{"line":170,"column":4},"end":{"line":170,"column":null}},"62":{"start":{"line":171,"column":4},"end":{"line":171,"column":null}},"63":{"start":{"line":173,"column":4},"end":{"line":173,"column":null}},"64":{"start":{"line":173,"column":13},"end":{"line":173,"column":null}},"65":{"start":{"line":178,"column":0},"end":{"line":181,"column":null}},"66":{"start":{"line":179,"column":2},"end":{"line":179,"column":null}},"67":{"start":{"line":180,"column":2},"end":{"line":180,"column":null}},"68":{"start":{"line":180,"column":26},"end":{"line":180,"column":41}}},"fnMap":{"0":{"name":"validateTool","decl":{"start":{"line":60,"column":16},"end":{"line":60,"column":29}},"loc":{"start":{"line":60,"column":40},"end":{"line":65,"column":null}},"line":60},"1":{"name":"validateEnvironment","decl":{"start":{"line":70,"column":22},"end":{"line":70,"column":42}},"loc":{"start":{"line":70,"column":52},"end":{"line":104,"column":null}},"line":70},"2":{"name":"seedTools","decl":{"start":{"line":106,"column":22},"end":{"line":106,"column":32}},"loc":{"start":{"line":106,"column":42},"end":{"line":175,"column":null}},"line":106},"3":{"name":"(anonymous_3)","decl":{"start":{"line":120,"column":47},"end":{"line":120,"column":48}},"loc":{"start":{"line":120,"column":59},"end":{"line":120,"column":73}},"line":120},"4":{"name":"(anonymous_4)","decl":{"start":{"line":132,"column":20},"end":{"line":132,"column":27}},"loc":{"start":{"line":132,"column":39},"end":{"line":164,"column":5}},"line":132},"5":{"name":"(anonymous_5)","decl":{"start":{"line":180,"column":20},"end":{"line":180,"column":26}},"loc":{"start":{"line":180,"column":26},"end":{"line":180,"column":41}},"line":180}},"branchMap":{"0":{"loc":{"start":{"line":61,"column":2},"end":{"line":61,"column":null}},"type":"if","locations":[{"start":{"line":61,"column":2},"end":{"line":61,"column":null}},{"start":{},"end":{}}],"line":61},"1":{"loc":{"start":{"line":62,"column":2},"end":{"line":62,"column":null}},"type":"if","locations":[{"start":{"line":62,"column":2},"end":{"line":62,"column":null}},{"start":{},"end":{}}],"line":62},"2":{"loc":{"start":{"line":63,"column":2},"end":{"line":63,"column":null}},"type":"if","locations":[{"start":{"line":63,"column":2},"end":{"line":63,"column":null}},{"start":{},"end":{}}],"line":63},"3":{"loc":{"start":{"line":71,"column":2},"end":{"line":74,"column":null}},"type":"if","locations":[{"start":{"line":71,"column":2},"end":{"line":74,"column":null}},{"start":{},"end":{}}],"line":71},"4":{"loc":{"start":{"line":85,"column":4},"end":{"line":88,"column":null}},"type":"if","locations":[{"start":{"line":85,"column":4},"end":{"line":88,"column":null}},{"start":{},"end":{}}],"line":85},"5":{"loc":{"start":{"line":93,"column":4},"end":{"line":96,"column":null}},"type":"if","locations":[{"start":{"line":93,"column":4},"end":{"line":96,"column":null}},{"start":{},"end":{}}],"line":93},"6":{"loc":{"start":{"line":107,"column":14},"end":{"line":109,"column":null}},"type":"binary-expr","locations":[{"start":{"line":107,"column":14},"end":{"line":107,"column":20}},{"start":{"line":107,"column":14},"end":{"line":109,"column":null}}],"line":107},"7":{"loc":{"start":{"line":108,"column":10},"end":{"line":108,"column":null}},"type":"cond-expr","locations":[{"start":{"line":108,"column":101},"end":{"line":108,"column":109}},{"start":{"line":108,"column":109},"end":{"line":108,"column":null}}],"line":108},"8":{"loc":{"start":{"line":108,"column":10},"end":{"line":108,"column":101}},"type":"binary-expr","locations":[{"start":{"line":108,"column":10},"end":{"line":108,"column":50}},{"start":{"line":108,"column":50},"end":{"line":108,"column":101}}],"line":108},"9":{"loc":{"start":{"line":112,"column":4},"end":{"line":117,"column":null}},"type":"if","locations":[{"start":{"line":112,"column":4},"end":{"line":117,"column":null}},{"start":{},"end":{}}],"line":112},"10":{"loc":{"start":{"line":114,"column":8},"end":{"line":116,"column":null}},"type":"if","locations":[{"start":{"line":114,"column":8},"end":{"line":116,"column":null}},{"start":{},"end":{}}],"line":114},"11":{"loc":{"start":{"line":125,"column":4},"end":{"line":127,"column":null}},"type":"if","locations":[{"start":{"line":125,"column":4},"end":{"line":127,"column":null}},{"start":{},"end":{}}],"line":125},"12":{"loc":{"start":{"line":137,"column":8},"end":{"line":140,"column":null}},"type":"if","locations":[{"start":{"line":137,"column":8},"end":{"line":140,"column":null}},{"start":{},"end":{}}],"line":137},"13":{"loc":{"start":{"line":146,"column":8},"end":{"line":149,"column":null}},"type":"if","locations":[{"start":{"line":146,"column":8},"end":{"line":149,"column":null}},{"start":{},"end":{}}],"line":146},"14":{"loc":{"start":{"line":157,"column":48},"end":{"line":157,"column":67}},"type":"binary-expr","locations":[{"start":{"line":157,"column":48},"end":{"line":157,"column":62}},{"start":{"line":157,"column":62},"end":{"line":157,"column":67}}],"line":157},"15":{"loc":{"start":{"line":157,"column":77},"end":{"line":157,"column":92}},"type":"binary-expr","locations":[{"start":{"line":157,"column":77},"end":{"line":157,"column":91}},{"start":{"line":157,"column":91},"end":{"line":157,"column":92}}],"line":157},"16":{"loc":{"start":{"line":173,"column":4},"end":{"line":173,"column":null}},"type":"if","locations":[{"start":{"line":173,"column":4},"end":{"line":173,"column":null}},{"start":{},"end":{}}],"line":173},"17":{"loc":{"start":{"line":178,"column":0},"end":{"line":181,"column":null}},"type":"if","locations":[{"start":{"line":178,"column":0},"end":{"line":181,"column":null}},{"start":{},"end":{}}],"line":178}},"s":{"0":1,"1":54,"2":1,"3":53,"4":53,"5":52,"6":52,"7":51,"8":1,"9":0,"10":0,"11":0,"12":0,"13":0,"14":0,"15":0,"16":0,"17":0,"18":0,"19":0,"20":0,"21":0,"22":0,"23":0,"24":0,"25":0,"26":0,"27":0,"28":0,"29":2,"30":2,"31":2,"32":0,"33":0,"34":0,"35":2,"36":2,"37":2,"38":2,"39":2,"40":2,"41":1,"42":1,"43":1,"44":1,"45":1,"46":50,"47":50,"48":50,"49":50,"50":50,"51":0,"52":0,"53":0,"54":0,"55":0,"56":0,"57":0,"58":0,"59":1,"60":1,"61":1,"62":1,"63":2,"64":0,"65":1,"66":0,"67":0,"68":0},"f":{"0":54,"1":0,"2":2,"3":2,"4":1,"5":0},"b":{"0":[1,53],"1":[1,52],"2":[1,51],"3":[0,0],"4":[0,0],"5":[0,0],"6":[2,0],"7":[0,0],"8":[0,0],"9":[0,2],"10":[0,0],"11":[1,1],"12":[50,0],"13":[0,0],"14":[0,0],"15":[50,0],"16":[0,2],"17":[0,1]},"meta":{"lastBranch":18,"lastFunction":6,"lastStatement":69,"seen":{"s:7:21:58:Infinity":0,"f:60:16:60:29":0,"b:61:2:61:Infinity:undefined:undefined:undefined:undefined":0,"s:61:2:61:Infinity":1,"s:61:19:61:Infinity":2,"b:62:2:62:Infinity:undefined:undefined:undefined:undefined":1,"s:62:2:62:Infinity":3,"s:62:17:62:Infinity":4,"b:63:2:63:Infinity:undefined:undefined:undefined:undefined":2,"s:63:2:63:Infinity":5,"s:63:22:63:Infinity":6,"s:64:2:64:Infinity":7,"s:68:19:68:Infinity":8,"f:70:22:70:42":1,"b:71:2:74:Infinity:undefined:undefined:undefined:undefined":3,"s:71:2:74:Infinity":9,"s:72:4:72:Infinity":10,"s:73:4:73:Infinity":11,"s:76:2:76:Infinity":12,"s:78:2:103:Infinity":13,"s:80:4:80:Infinity":14,"s:81:4:81:Infinity":15,"s:84:20:84:Infinity":16,"b:85:4:88:Infinity:undefined:undefined:undefined:undefined":4,"s:85:4:88:Infinity":17,"s:86:6:86:Infinity":18,"s:87:6:87:Infinity":19,"s:89:4:89:Infinity":20,"s:92:23:92:Infinity":21,"b:93:4:96:Infinity:undefined:undefined:undefined:undefined":5,"s:93:4:96:Infinity":22,"s:94:6:94:Infinity":23,"s:95:6:95:Infinity":24,"s:97:4:97:Infinity":25,"s:99:4:99:Infinity":26,"s:101:4:101:Infinity":27,"s:102:4:102:Infinity":28,"f:106:22:106:32":2,"s:107:14:109:Infinity":29,"b:107:14:107:20:107:14:109:Infinity":6,"b:108:101:108:109:108:109:108:Infinity":7,"b:108:10:108:50:108:50:108:101":8,"s:111:2:174:Infinity":30,"b:112:4:117:Infinity:undefined:undefined:undefined:undefined":9,"s:112:4:117:Infinity":31,"s:113:33:113:Infinity":32,"b:114:8:116:Infinity:undefined:undefined:undefined:undefined":10,"s:114:8:116:Infinity":33,"s:115:12:115:Infinity":34,"s:119:23:119:Infinity":35,"s:120:24:120:Infinity":36,"f:120:47:120:48":3,"s:120:59:120:73":37,"s:122:20:122:Infinity":38,"s:123:20:123:Infinity":39,"b:125:4:127:Infinity:undefined:undefined:undefined:undefined":11,"s:125:4:127:Infinity":40,"s:126:6:126:Infinity":41,"s:129:4:129:Infinity":42,"s:131:22:131:Infinity":43,"s:132:4:164:Infinity":44,"f:132:20:132:27":4,"s:133:6:163:Infinity":45,"s:134:8:134:Infinity":46,"s:136:27:136:Infinity":47,"b:137:8:140:Infinity:undefined:undefined:undefined:undefined":12,"s:137:8:140:Infinity":48,"s:138:10:138:Infinity":49,"s:139:10:139:Infinity":50,"s:142:21:142:Infinity":51,"s:145:27:145:Infinity":52,"b:146:8:149:Infinity:undefined:undefined:undefined:undefined":13,"s:146:8:149:Infinity":53,"s:147:10:147:Infinity":54,"s:148:10:148:Infinity":55,"s:151:8:157:Infinity":56,"b:157:48:157:62:157:62:157:67":14,"b:157:77:157:91:157:91:157:92":15,"s:161:8:161:Infinity":57,"s:162:8:162:Infinity":58,"s:166:4:166:Infinity":59,"s:167:4:167:Infinity":60,"s:170:4:170:Infinity":61,"s:171:4:171:Infinity":62,"b:173:4:173:Infinity:undefined:undefined:undefined:undefined":16,"s:173:4:173:Infinity":63,"s:173:13:173:Infinity":64,"b:178:0:181:Infinity:undefined:undefined:undefined:undefined":17,"s:178:0:181:Infinity":65,"s:179:2:179:Infinity":66,"s:180:2:180:Infinity":67,"f:180:20:180:26":5,"s:180:26:180:41":68}}},"/Users/surajsatyarthi/Desktop/Projects/antigravity-directory/src/lib/email/templates.ts":{"path":"/Users/surajsatyarthi/Desktop/Projects/antigravity-directory/src/lib/email/templates.ts","statementMap":{"0":{"start":{"line":4,"column":15},"end":{"line":4,"column":null}},"1":{"start":{"line":23,"column":2},"end":{"line":59,"column":null}},"2":{"start":{"line":24,"column":4},"end":{"line":54,"column":null}},"3":{"start":{"line":55,"column":4},"end":{"line":55,"column":null}},"4":{"start":{"line":57,"column":4},"end":{"line":57,"column":null}},"5":{"start":{"line":73,"column":2},"end":{"line":104,"column":null}},"6":{"start":{"line":74,"column":4},"end":{"line":100,"column":null}},"7":{"start":{"line":101,"column":4},"end":{"line":101,"column":null}},"8":{"start":{"line":103,"column":4},"end":{"line":103,"column":null}}},"fnMap":{"0":{"name":"sendPaymentConfirmation","decl":{"start":{"line":6,"column":22},"end":{"line":6,"column":46}},"loc":{"start":{"line":22,"column":3},"end":{"line":60,"column":null}},"line":22},"1":{"name":"sendListingLive","decl":{"start":{"line":62,"column":22},"end":{"line":62,"column":38}},"loc":{"start":{"line":72,"column":3},"end":{"line":105,"column":null}},"line":72}},"branchMap":{"0":{"loc":{"start":{"line":37,"column":43},"end":{"line":37,"column":101}},"type":"cond-expr","locations":[{"start":{"line":37,"column":65},"end":{"line":37,"column":85}},{"start":{"line":37,"column":85},"end":{"line":37,"column":101}}],"line":37}},"s":{"0":2,"1":2,"2":2,"3":2,"4":0,"5":0,"6":0,"7":0,"8":0},"f":{"0":2,"1":0},"b":{"0":[0,2]},"meta":{"lastBranch":1,"lastFunction":2,"lastStatement":9,"seen":{"s:4:15:4:Infinity":0,"f:6:22:6:46":0,"s:23:2:59:Infinity":1,"s:24:4:54:Infinity":2,"b:37:65:37:85:37:85:37:101":0,"s:55:4:55:Infinity":3,"s:57:4:57:Infinity":4,"f:62:22:62:38":1,"s:73:2:104:Infinity":5,"s:74:4:100:Infinity":6,"s:101:4:101:Infinity":7,"s:103:4:103:Infinity":8}}},"/Users/surajsatyarthi/Desktop/Projects/antigravity-directory/src/app/api/checkout/razorpay/verify/route.ts":{"path":"/Users/surajsatyarthi/Desktop/Projects/antigravity-directory/src/app/api/checkout/razorpay/verify/route.ts","statementMap":{"0":{"start":{"line":14,"column":2},"end":{"line":14,"column":null}},"1":{"start":{"line":14,"column":43},"end":{"line":14,"column":null}},"2":{"start":{"line":15,"column":2},"end":{"line":15,"column":null}},"3":{"start":{"line":19,"column":2},"end":{"line":151,"column":null}},"4":{"start":{"line":21,"column":28},"end":{"line":21,"column":null}},"5":{"start":{"line":22,"column":4},"end":{"line":27,"column":null}},"6":{"start":{"line":23,"column":6},"end":{"line":26,"column":null}},"7":{"start":{"line":29,"column":28},"end":{"line":29,"column":null}},"8":{"start":{"line":30,"column":20},"end":{"line":30,"column":null}},"9":{"start":{"line":33,"column":4},"end":{"line":37,"column":null}},"10":{"start":{"line":34,"column":6},"end":{"line":34,"column":null}},"11":{"start":{"line":36,"column":6},"end":{"line":36,"column":null}},"12":{"start":{"line":44,"column":8},"end":{"line":44,"column":null}},"13":{"start":{"line":46,"column":19},"end":{"line":46,"column":null}},"14":{"start":{"line":47,"column":4},"end":{"line":49,"column":null}},"15":{"start":{"line":48,"column":6},"end":{"
[...]
t":{},"end":{}}],"line":64},"3":{"loc":{"start":{"line":64,"column":12},"end":{"line":64,"column":62}},"type":"binary-expr","locations":[{"start":{"line":64,"column":12},"end":{"line":64,"column":41}},{"start":{"line":64,"column":41},"end":{"line":64,"column":52}},{"start":{"line":64,"column":52},"end":{"line":64,"column":62}}],"line":64},"4":{"loc":{"start":{"line":71,"column":4},"end":{"line":73,"column":null}},"type":"if","locations":[{"start":{"line":71,"column":4},"end":{"line":73,"column":null}},{"start":{},"end":{}}],"line":71},"5":{"loc":{"start":{"line":103,"column":6},"end":{"line":114,"column":null}},"type":"if","locations":[{"start":{"line":103,"column":6},"end":{"line":114,"column":null}},{"start":{},"end":{}}],"line":103},"6":{"loc":{"start":{"line":134,"column":9},"end":{"line":138,"column":null}},"type":"binary-expr","locations":[{"start":{"line":134,"column":9},"end":{"line":134,"column":null}},{"start":{"line":135,"column":10},"end":{"line":138,"column":null}}],"line":134},"7":{"loc":{"start":{"line":140,"column":9},"end":{"line":143,"column":null}},"type":"binary-expr","locations":[{"start":{"line":140,"column":9},"end":{"line":140,"column":21}},{"start":{"line":140,"column":21},"end":{"line":140,"column":null}},{"start":{"line":141,"column":10},"end":{"line":143,"column":null}}],"line":140}},"s":{"0":2,"1":2,"2":2,"3":2,"4":2,"5":2,"6":2,"7":0,"8":0,"9":0,"10":0,"11":0,"12":0,"13":0,"14":0,"15":0,"16":0,"17":0,"18":2,"19":2,"20":0,"21":0,"22":2,"23":2,"24":2,"25":2,"26":2,"27":2,"28":2,"29":2,"30":2,"31":25,"32":25,"33":2,"34":2,"35":2,"36":2,"37":2},"f":{"0":2,"1":0,"2":0,"3":2,"4":0,"5":2,"6":2,"7":25},"b":{"0":[0,0],"1":[0,0],"2":[0,0],"3":[0,0,0],"4":[2,0],"5":[2,23],"6":[2,0],"7":[2,0,0]},"meta":{"lastBranch":8,"lastFunction":8,"lastStatement":38,"seen":{"f:21:16:21:37":0,"s:26:32:26:Infinity":0,"s:27:34:27:Infinity":1,"s:28:22:28:Infinity":2,"s:29:28:29:Infinity":3,"s:30:28:30:Infinity":4,"s:33:8:33:Infinity":5,"s:35:19:59:Infinity":6,"f:35:19:35:31":1,"s:36:4:36:Infinity":7,"s:37:21:37:Infinity":8,"s:41:41:47:Infinity":9,"s:49:19:49:Infinity":10,"b:51:4:57:Infinity:55:11:57:Infinity":0,"s:51:4:57:Infinity":11,"b:51:8:51:26:51:26:51:55":1,"s:52:6:52:Infinity":12,"f:52:19:52:27":2,"s:52:27:52:57":13,"s:53:6:53:Infinity":14,"s:54:6:54:Infinity":15,"s:56:6:56:Infinity":16,"s:58:4:58:Infinity":17,"s:61:2:77:Infinity":18,"f:61:12:61:18":3,"s:62:21:69:Infinity":19,"f:63:6:63:7":4,"b:64:8:66:Infinity:undefined:undefined:undefined:undefined":2,"s:64:8:66:Infinity":20,"b:64:12:64:41:64:41:64:52:64:52:64:62":3,"s:65:10:65:Infinity":21,"b:71:4:73:Infinity:undefined:undefined:undefined:undefined":4,"s:71:4:73:Infinity":22,"s:72:6:72:Infinity":23,"s:75:4:75:Infinity":24,"f:75:11:75:17":5,"s:75:17:75:Infinity":25,"s:81:8:117:Infinity":26,"f:81:29:81:35":6,"s:82:37:82:Infinity":27,"s:83:25:83:Infinity":28,"s:86:23:90:Infinity":29,"s:92:4:115:Infinity":30,"f:92:22:92:23":7,"s:94:6:99:Infinity":31,"b:103:6:114:Infinity:undefined:undefined:undefined:undefined":5,"s:103:6:114:Infinity":32,"s:104:28:104:Infinity":33,"s:105:25:105:Infinity":34,"s:107:8:113:Infinity":35,"s:116:4:116:Infinity":36,"s:119:2:146:Infinity":37,"b:134:9:134:Infinity:135:10:138:Infinity":6,"b:140:9:140:21:140:21:140:Infinity:141:10:143:Infinity":7}}},"/Users/surajsatyarthi/Desktop/Projects/antigravity-directory/src/lib/tools-config.ts":{"path":"/Users/surajsatyarthi/Desktop/Projects/antigravity-directory/src/lib/tools-config.ts","statementMap":{"0":{"start":{"line":3,"column":31},"end":{"line":24,"column":null}},"1":{"start":{"line":26,"column":24},"end":{"line":26,"column":null}},"2":{"start":{"line":26,"column":53},"end":{"line":26,"column":60}}},"fnMap":{"0":{"name":"(anonymous_0)","decl":{"start":{"line":26,"column":48},"end":{"line":26,"column":53}},"loc":{"start":{"line":26,"column":53},"end":{"line":26,"column":60}},"line":26}},"branchMap":{},"s":{"0":1,"1":1,"2":3},"f":{"0":3},"b":{},"meta":{"lastBranch":0,"lastFunction":1,"lastStatement":3,"seen":{"s:3:31:24:Infinity":0,"s:26:24:26:Infinity":1,"f:26:48:26:53":0,"s:26:53:26:60":2}}},"/Users/surajsatyarthi/Desktop/Projects/antigravity-directory/src/components/tools/ToolsSidebar.tsx":{"path":"/Users/surajsatyarthi/Desktop/Projects/antigravity-directory/src/components/tools/ToolsSidebar.tsx","statementMap":{"0":{"start":{"line":12,"column":8},"end":{"line":12,"column":null}},"1":{"start":{"line":14,"column":2},"end":{"line":81,"column":null}},"2":{"start":{"line":29,"column":10},"end":{"line":61,"column":null}},"3":{"start":{"line":37,"column":29},"end":{"line":37,"column":null}},"4":{"start":{"line":38,"column":33},"end":{"line":38,"column":null}},"5":{"start":{"line":40,"column":16},"end":{"line":57,"column":null}}},"fnMap":{"0":{"name":"ToolsSidebar","decl":{"start":{"line":11,"column":16},"end":{"line":11,"column":29}},"loc":{"start":{"line":11,"column":81},"end":{"line":83,"column":null}},"line":11},"1":{"name":"(anonymous_1)","decl":{"start":{"line":28,"column":29},"end":{"line":28,"column":30}},"loc":{"start":{"line":29,"column":10},"end":{"line":61,"column":null}},"line":29},"2":{"name":"(anonymous_2)","decl":{"start":{"line":36,"column":33},"end":{"line":36,"column":34}},"loc":{"start":{"line":36,"column":43},"end":{"line":59,"column":15}},"line":36}},"branchMap":{"0":{"loc":{"start":{"line":11,"column":31},"end":{"line":11,"column":51}},"type":"default-arg","locations":[{"start":{"line":11,"column":45},"end":{"line":11,"column":51}}],"line":11},"1":{"loc":{"start":{"line":15,"column":105},"end":{"line":15,"column":138}},"type":"cond-expr","locations":[{"start":{"line":15,"column":119},"end":{"line":15,"column":136}},{"start":{"line":15,"column":136},"end":{"line":15,"column":138}}],"line":15},"2":{"loc":{"start":{"line":16,"column":7},"end":{"line":24,"column":null}},"type":"binary-expr","locations":[{"start":{"line":16,"column":7},"end":{"line":16,"column":null}},{"start":{"line":17,"column":8},"end":{"line":24,"column":null}}],"line":16},"3":{"loc":{"start":{"line":30,"column":13},"end":{"line":33,"column":null}},"type":"binary-expr","locations":[{"start":{"line":30,"column":13},"end":{"line":30,"column":null}},{"start":{"line":31,"column":14},"end":{"line":33,"column":null}}],"line":30},"4":{"loc":{"start":{"line":44,"column":27},"end":{"line":44,"column":null}},"type":"cond-expr","locations":[{"start":{"line":44,"column":41},"end":{"line":44,"column":53}},{"start":{"line":44,"column":53},"end":{"line":44,"column":null}}],"line":44},"5":{"loc":{"start":{"line":47,"column":22},"end":{"line":47,"column":null}},"type":"cond-expr","locations":[{"start":{"line":47,"column":36},"end":{"line":47,"column":59}},{"start":{"line":47,"column":59},"end":{"line":47,"column":null}}],"line":47},"6":{"loc":{"start":{"line":48,"column":22},"end":{"line":50,"column":null}},"type":"cond-expr","locations":[{"start":{"line":49,"column":26},"end":{"line":49,"column":null}},{"start":{"line":50,"column":26},"end":{"line":50,"column":null}}],"line":48},"7":{"loc":{"start":{"line":53,"column":57},"end":{"line":53,"column":92}},"type":"cond-expr","locations":[{"start":{"line":53,"column":71},"end":{"line":53,"column":83}},{"start":{"line":53,"column":83},"end":{"line":53,"column":92}}],"line":53},"8":{"loc":{"start":{"line":54,"column":21},"end":{"line":55,"column":null}},"type":"binary-expr","locations":[{"start":{"line":54,"column":21},"end":{"line":54,"column":null}},{"start":{"line":55,"column":22},"end":{"line":55,"column":null}}],"line":54},"9":{"loc":{"start":{"line":65,"column":7},"end":{"line":79,"column":null}},"type":"binary-expr","locations":[{"start":{"line":65,"column":7},"end":{"line":65,"column":null}},{"start":{"line":66,"column":8},"end":{"line":79,"column":null}}],"line":65}},"s":{"0":6,"1":6,"2":18,"3":30,"4":30,"5":30},"f":{"0":6,"1":18,"2":30},"b":{"0":[6],"1":[1,5],"2":[6,5],"3":[18,15],"4":[5,25],"5":[5,25],"6":[6,24],"7":[5,25],"8":[30,25],"9":[6,5]},"meta":{"lastBranch":10,"lastFunction":3,"lastStatement":6,"seen":{"f:11:16:11:29":0,"b:11:45:11:51":0,"s:12:8:12:Infinity":0,"s:14:2:81:Infinity":1,"b:15:119:15:136:15:136:15:138":1,"b:16:7:16:Infinity:17:8:24:Infinity":2,"f:28:29:28:30":1,"s:29:10:61:Infinity":2,"b:30:13:30:Infinity:31:14:33:Infinity":3,"f:36:33:36:34":2,"s:37:29:37:Infinity":3,"s:38:33:38:Infinity":4,"s:40:16:57:Infinity":5,"b:44:41:44:53:44:53:44:Infinity":4,"b:47:36:47:59:47:59:47:Infinity":5,"b:49:26:49:Infinity:50:26:50:Infinity":6,"b:53:71:53:83:53:83:53:92":7,"b:54:21:54:Infinity:55:22:55:Infinity":8,"b:65:7:65:Infinity:66:8:79:Infinity":9}}},"/Users/surajsatyarthi/Desktop/Projects/antigravity-directory/src/lib/utils.ts":{"path":"/Users/surajsatyarthi/Desktop/Projects/antigravity-directory/src/lib/utils.ts","statementMap":{"0":{"start":{"line":6,"column":2},"end":{"line":6,"column":null}},"1":{"start":{"line":10,"column":2},"end":{"line":15,"column":null}},"2":{"start":{"line":11,"column":4},"end":{"line":13,"column":null}},"3":{"start":{"line":12,"column":6},"end":{"line":12,"column":null}},"4":{"start":{"line":14,"column":4},"end":{"line":14,"column":null}}},"fnMap":{"0":{"name":"cn","decl":{"start":{"line":5,"column":16},"end":{"line":5,"column":22}},"loc":{"start":{"line":5,"column":44},"end":{"line":7,"column":null}},"line":5},"1":{"name":"safeJsonLd","decl":{"start":{"line":9,"column":16},"end":{"line":9,"column":27}},"loc":{"start":{"line":9,"column":62},"end":{"line":16,"column":null}},"line":9},"2":{"name":"(anonymous_2)","decl":{"start":{"line":10,"column":30},"end":{"line":10,"column":31}},"loc":{"start":{"line":10,"column":46},"end":{"line":15,"column":3}},"line":10}},"branchMap":{"0":{"loc":{"start":{"line":11,"column":4},"end":{"line":13,"column":null}},"type":"if","locations":[{"start":{"line":11,"column":4},"end":{"line":13,"column":null}},{"start":{},"end":{}}],"line":11}},"s":{"0":74,"1":0,"2":0,"3":0,"4":0},"f":{"0":74,"1":0,"2":0},"b":{"0":[0,0]},"meta":{"lastBranch":1,"lastFunction":3,"lastStatement":5,"seen":{"f:5:16:5:22":0,"s:6:2:6:Infinity":0,"f:9:16:9:27":1,"s:10:2:15:Infinity":1,"f:10:30:10:31":2,"b:11:4:13:Infinity:undefined:undefined:undefined:undefined":0,"s:11:4:13:Infinity":2,"s:12:6:12:Infinity":3,"s:14:4:14:Infinity":4}}},"/Users/surajsatyarthi/Desktop/Projects/antigravity-directory/src/components/tools/ToolsShell.tsx":{"path":"/Users/surajsatyarthi/Desktop/Projects/antigravity-directory/src/components/tools/ToolsShell.tsx","statementMap":{"0":{"start":{"line":12,"column":40},"end":{"line":12,"column":null}},"1":{"start":{"line":13,"column":30},"end":{"line":13,"column":null}},"2":{"start":{"line":14,"column":8},"end":{"line":14,"column":null}},"3":{"start":{"line":17,"column":2},"end":{"line":21,"column":null}},"4":{"start":{"line":18,"column":4},"end":{"line":20,"column":null}},"5":{"start":{"line":19,"column":6},"end":{"line":19,"column":null}},"6":{"start":{"line":24,"column":2},"end":{"line":35,"column":null}},"7":{"start":{"line":25,"column":24},"end":{"line":30,"column":null}},"8":{"start":{"line":26,"column":21},"end":{"line":26,"column":null}},"9":{"start":{"line":27,"column":6},"end":{"line":27,"column":null}},"10":{"start":{"line":28,"column":6},"end":{"line":29,"column":null}},"11":{"start":{"line":28,"column":18},"end":{"line":28,"column":null}},"12":{"start":{"line":29,"column":11},"end":{"line":29,"column":null}},"13":{"start":{"line":32,"column":4},"end":{"line":32,"column":null}},"14":{"start":{"line":33,"column":4},"end":{"line":33,"column":null}},"15":{"start":{"line":34,"column":4},"end":{"line":34,"column":null}},"16":{"start":{"line":34,"column":17},"end":{"line":34,"column":null}},"17":{"start":{"line":37,"column":2},"end":{"line":106,"column":null}},"18":{"start":{"line":54,"column":31},"end":{"line":54,"column":null}},"19":{"start":{"line":73,"column":46},"end":{"line":73,"column":65}},"20":{"start":{"line":74,"column":41},"end":{"line":74,"column":null}},"21":{"start":{"line":75,"column":28},"end":{"line":90,"column":null}},"22":{"start":{"line":103,"column":25},"end":{"line":103,"column":null}}},"fnMap":{"0":{"name":"ToolsShell","decl":{"start":{"line":11,"column":16},"end":{"line":11,"column":27}},"loc":{"start":{"line":11,"column":72},"end":{"line":108,"column":null}},"line":11},"1":{"name":"(anonymous_1)","decl":{"start":{"line":17,"column":12},"end":{"line":17,"column":18}},"loc":{"start":{"line":17,"column":18},"end":{"line":21,"column":5}},"line":17},"2":{"name":"(anonymous_2)","decl":{"start":{"line":24,"column":12},"end":{"line":24,"column":18}},"loc":{"start":{"line":24,"column":18},"end":{"line":35,"column":5}},"line":24},"3":{"name":"(anonymous_3)","decl":{"start":{"line":25,"column":24},"end":{"line":25,"column":30}},"loc":{"start":{"line":25,"column":30},"end":{"line":30,"column":null}},"line":25},"4":{"name":"(anonymous_4)","decl":{"start":{"line":34,"column":11},"end":{"line":34,"column":17}},"loc":{"start":{"line":34,"column":17},"end":{"line":34,"column":null}},"line":34},"5":{"name":"(anonymous_5)","decl":{"start":{"line":54,"column":25},"end":{"line":54,"column":31}},"loc":{"start":{"line":54,"column":31},"end":{"line":54,"column":null}},"line":54},"6":{"name":"(anonymous_6)","decl":{"start":{"line":73,"column":41},"end":{"line":73,"column":46}},"loc":{"start":{"line":73,"column":46},"end":{"line":73,"column":65}},"line":73},"7":{"name":"(anonymous_7)","decl":{"start":{"line":73,"column":83},"end":{"line":73,"column":91}},"loc":{"start":{"line":73,"column":91},"end":{"line":92,"column":25}},"line":73},"8":{"name":"(anonymous_8)","decl":{"start":{"line":103,"column":19},"end":{"line":103,"column":25}},"loc":{"start":{"line":103,"column":25},"end":{"line":103,"column":null}},"line":103}},"branchMap":{"0":{"loc":{"start":{"line":18,"column":4},"end":{"line":20,"column":null}},"type":"if","locations":[{"start":{"line":18,"column":4},"end":{"line":20,"column":null}},{"start":{},"end":{}}],"line":18},"1":{"loc":{"start":{"line":28,"column":6},"end":{"line":29,"column":null}},"type":"if","locations":[{"start":{"line":28,"column":6},"end":{"line":29,"column":null}},{"start":{"line":29,"column":11},"end":{"line":29,"column":null}}],"line":28},"2":{"loc":{"start":{"line":43,"column":10},"end":{"line":43,"column":null}},"type":"cond-expr","locations":[{"start":{"line":43,"column":26},"end":{"line":43,"column":49}},{"start":{"line":43,"column":49},"end":{"line":43,"column":null}}],"line":43},"3":{"loc":{"start":{"line":46,"column":35},"end":{"line":46,"column":64}},"type":"binary-expr","locations":[{"start":{"line":46,"column":35},"end":{"line":46,"column":53}},{"start":{"line":46,"column":53},"end":{"line":46,"column":64}}],"line":46},"4":{"loc":{"start":{"line":56,"column":23},"end":{"line":56,"column":null}},"type":"cond-expr","locations":[{"start":{"line":56,"column":39},"end":{"line":56,"column":57}},{"start":{"line":56,"column":57},"end":{"line":56,"column":null}}],"line":56},"5":{"loc":{"start":{"line":58,"column":17},"end":{"line":58,"column":null}},"type":"cond-expr","locations":[{"start":{"line":58,"column":33},"end":{"line":58,"column":74}},{"start":{"line":58,"column":74},"end":{"line":58,"column":null}}],"line":58},"6":{"loc":{"start":{"line":100,"column":7},"end":{"line":104,"column":null}},"type":"binary-expr","locations":[{"start":{"line":100,"column":7},"end":{"line":100,"column":19}},{"start":{"line":100,"column":19},"end":{"line":100,"column":null}},{"start":{"line":101,"column":8},"end":{"line":104,"column":null}}],"line":100}},"s":{"0":8,"1":8,"2":8,"3":8,"4":5,"5":1,"6":8,"7":4,"8":4,"9":4,"10":4,"11":1,"12":3,"13":4,"14":4,"15":4,"16":4,"17":8,"18":1,"19":40,"20":24,"21":24,"22":0},"f":{"0":8,"1":5,"2":4,"3":4,"4":4,"5":1,"6":40,"7":24,"8":0},"b":{"0":[1,4],"1":[1,3],"2":[4,4],"3":[8,4],"4":[4,4],"5":[4,4],"6":[8,2,0]},"meta":{"lastBranch":7,"lastFunction":9,"lastStatement":23,"seen":{"f:11:16:11:27":0,"s:12:40:12:Infinity":0,"s:13:30:13:Infinity":1,"s:14:8:14:Infinity":2,"s:17:2:21:Infinity":3,"f:17:12:17:18":1,"b:18:4:20:Infinity:undefined:undefined:undefined:undefined":0,"s:18:4:20:Infinity":4,"s:19:6:19:Infinity":5,"s:24:2:35:Infinity":6,"f:24:12:24:18":2,"s:25:24:30:Infinity":7,"f:25:24:25:30":3,"s:26:21:26:Infinity":8,"s:27:6:27:Infinity":9,"b:28:6:29:Infinity:29:11:29:Infinity":1,"s:28:6:29:Infinity":10,"s:28:18:28:Infinity":11,"s:29:11:29:Infinity":12,"s:32:4:32:Infinity":13,"s:33:4:33:Infinity":14,"s:34:4:34:Infinity":15,"f:34:11:34:17":4,"s:34:17:34:Infinity":16,"s:37:2:106:Infinity":17,"b:43:26:43:49:43:49:43:Infinity":2,"b:46:35:46:53:46:53:46:64":3,"f:54:25:54:31":5,"s:54:31:54:Infinity":18,"b:56:39:56:57:56:57:56:Infinity":4,"b:58:33:58:74:58:74:58:Infinity":5,"f:73:41:73:46":6,"s:73:46:73:65":19,"f:73:83:73:91":7,"s:74:41:74:Infinity":20,"s:75:28:90:Infinity":21,"b:100:7:100:19:100:19:100:Infinity:101:8:104:Infinity":6,"f:103:19:103:25":8,"s:103:25:103:Infinity":22}}}}}
[34m % [39m[2mCoverage report from [22m[33mv8[39m
-------------------|---------|----------|---------|---------|-------------------
File               | % Stmts | % Branch | % Funcs | % Lines | Uncovered Line #s 
-------------------|---------|----------|---------|---------|-------------------
All files          |   56.01 |    52.88 |   38.16 |    57.6 |                   
 scripts           |   37.77 |    28.27 |   41.17 |   38.25 |                   
  seed-50-tools.ts |   49.27 |    38.88 |   66.66 |   47.61 | ...42-162,179-180 
  validate-data.ts |   81.81 |       80 |     100 |   81.13 | ...60-61,64-65,98 
  ...ly-scraper.ts |   27.91 |    17.41 |   30.76 |   28.61 | ...44-645,652-663 
 ...apture-payment |   89.47 |    69.23 |     100 |   91.89 |                   
  route.ts         |   89.47 |    69.23 |     100 |   91.89 | 26,48,106         
 ...t/create-order |   93.93 |    91.66 |     100 |   93.75 |                   
  route.ts         |   93.93 |    91.66 |     100 |   93.75 | 24,97             
 ...y/create-order |   86.95 |    92.85 |     100 |   86.95 |                   
  route.ts         |   86.95 |    92.85 |     100 |   86.95 | 23,94-95          
 ...azorpay/verify |   62.26 |    45.23 |      50 |    64.7 |                   
  route.ts         |   62.26 |    45.23 |      50 |    64.7 | ...22-128,146-147 
 src/components    |   65.78 |    27.77 |    62.5 |   66.66 |                   
  ...ourceGrid.tsx |   65.78 |    27.77 |    62.5 |   66.66 | 36-58,64-65       
 ...mponents/tools |   96.55 |    97.05 |   91.66 |   96.29 |                   
  ToolsShell.tsx   |   95.65 |    93.33 |   88.88 |   95.23 | 103               
  ToolsSidebar.tsx |     100 |      100 |     100 |     100 |                   
 src/drizzle       |   40.96 |      100 |       0 |   48.57 |                   
  schema.ts        |   40.96 |      100 |       0 |   48.57 | ...31-335,455-470 
 src/lib           |    84.9 |    92.59 |   66.66 |   84.31 |                   
  ...h-contacts.ts |   87.87 |      100 |     100 |    87.5 | 101-102,108-109   
  env.ts           |     100 |      100 |     100 |     100 |                   
  ratelimit.ts     |     100 |      100 |     100 |     100 |                   
  tools-config.ts  |     100 |      100 |     100 |     100 |                   
  utils.ts         |      20 |        0 |   33.33 |      20 | 10-14             
 src/lib/email     |   44.44 |       50 |      50 |   44.44 |                   
  templates.ts     |   44.44 |       50 |      50 |   44.44 | 57-103            
 src/lib/payment   |   78.48 |    73.23 |   55.55 |   81.57 |                   
  paypal.ts        |   78.72 |    74.46 |      60 |   82.22 | ...22,130,139,164 
  razorpay.ts      |   78.12 |    70.83 |      50 |   80.64 | ...61,104,118,149 
 src/lib/utils     |     100 |      100 |     100 |     100 |                   
  profile-utils.ts |     100 |      100 |     100 |     100 |                   
  safeJsonLd.ts    |     100 |      100 |     100 |     100 |                   
-------------------|---------|----------|---------|---------|-------------------
